<?xml version="1.0" encoding="UTF-8"?>
<testsuite xmlns:xsi="http://www.w3.org/2001/XMLSchema-instance" xsi:noNamespaceSchemaLocation="https://maven.apache.org/surefire/maven-surefire-plugin/xsd/surefire-test-report-3.0.xsd" version="3.0" name="com.qa.nal.SearchTests" time="35.006" tests="12" errors="0" skipped="0" failures="8">
  <properties>
    <property name="java.specification.version" value="24"/>
    <property name="sun.cpu.isalist" value="amd64"/>
    <property name="sun.jnu.encoding" value="Cp1252"/>
    <property name="QASE_CREATE_MISSING_CASES" value="true"/>
    <property name="java.class.path" value="C:\IntelligentSearchProject\search\target\test-classes;C:\IntelligentSearchProject\search\target\classes;C:\Users\abhay\.m2\repository\org\junit\jupiter\junit-jupiter\5.11.2\junit-jupiter-5.11.2.jar;C:\Users\abhay\.m2\repository\org\junit\jupiter\junit-jupiter-api\5.11.2\junit-jupiter-api-5.11.2.jar;C:\Users\abhay\.m2\repository\org\junit\platform\junit-platform-commons\1.11.2\junit-platform-commons-1.11.2.jar;C:\Users\abhay\.m2\repository\org\apiguardian\apiguardian-api\1.1.2\apiguardian-api-1.1.2.jar;C:\Users\abhay\.m2\repository\org\junit\jupiter\junit-jupiter-params\5.11.2\junit-jupiter-params-5.11.2.jar;C:\Users\abhay\.m2\repository\org\junit\jupiter\junit-jupiter-engine\5.11.2\junit-jupiter-engine-5.11.2.jar;C:\Users\abhay\.m2\repository\org\junit\platform\junit-platform-engine\1.11.2\junit-platform-engine-1.11.2.jar;C:\Users\abhay\.m2\repository\io\qase\qase-junit5-reporter\4.0.0\qase-junit5-reporter-4.0.0.jar;C:\Users\abhay\.m2\repository\io\qase\qase-java-commons\4.0.0\qase-java-commons-4.0.0.jar;C:\Users\abhay\.m2\repository\io\qase\qase-api-client\4.0.0\qase-api-client-4.0.0.jar;C:\Users\abhay\.m2\repository\com\squareup\okhttp3\okhttp\4.12.0\okhttp-4.12.0.jar;C:\Users\abhay\.m2\repository\com\squareup\okio\okio\3.6.0\okio-3.6.0.jar;C:\Users\abhay\.m2\repository\com\squareup\okio\okio-jvm\3.6.0\okio-jvm-3.6.0.jar;C:\Users\abhay\.m2\repository\org\apache\commons\commons-lang3\3.13.0\commons-lang3-3.13.0.jar;C:\Users\abhay\.m2\repository\org\apache\httpcomponents\httpmime\4.3.1\httpmime-4.3.1.jar;C:\Users\abhay\.m2\repository\org\apache\httpcomponents\httpclient\4.3.1\httpclient-4.3.1.jar;C:\Users\abhay\.m2\repository\org\apache\httpcomponents\httpcore\4.3\httpcore-4.3.jar;C:\Users\abhay\.m2\repository\commons-logging\commons-logging\1.1.3\commons-logging-1.1.3.jar;C:\Users\abhay\.m2\repository\org\aspectj\aspectjrt\1.8.9\aspectjrt-1.8.9.jar;C:\Users\abhay\.m2\repository\org\json\json\20231013\json-20231013.jar;C:\Users\abhay\.m2\repository\org\junit\platform\junit-platform-launcher\1.6.2\junit-platform-launcher-1.6.2.jar;C:\Users\abhay\.m2\repository\org\projectlombok\lombok\1.18.34\lombok-1.18.34.jar;C:\Users\abhay\.m2\repository\ch\qos\logback\logback-core\1.2.13\logback-core-1.2.13.jar;C:\Users\abhay\.m2\repository\ch\qos\logback\logback-classic\1.2.13\logback-classic-1.2.13.jar;C:\Users\abhay\.m2\repository\org\slf4j\slf4j-api\1.7.32\slf4j-api-1.7.32.jar;C:\Users\abhay\.m2\repository\io\qase\qase-junit5\3.2.1\qase-junit5-3.2.1.jar;C:\Users\abhay\.m2\repository\io\qase\qase-api\3.2.1\qase-api-3.2.1.jar;C:\Users\abhay\.m2\repository\org\openapitools\jackson-databind-nullable\0.2.4\jackson-databind-nullable-0.2.4.jar;C:\Users\abhay\.m2\repository\com\fasterxml\jackson\core\jackson-databind\2.14.0-rc2\jackson-databind-2.14.0-rc2.jar;C:\Users\abhay\.m2\repository\com\fasterxml\jackson\core\jackson-annotations\2.14.0-rc2\jackson-annotations-2.14.0-rc2.jar;C:\Users\abhay\.m2\repository\com\fasterxml\jackson\core\jackson-core\2.14.0-rc2\jackson-core-2.14.0-rc2.jar;C:\Users\abhay\.m2\repository\com\google\code\findbugs\jsr305\3.0.2\jsr305-3.0.2.jar;C:\Users\abhay\.m2\repository\javax\annotation\javax.annotation-api\1.3.2\javax.annotation-api-1.3.2.jar;C:\Users\abhay\.m2\repository\io\swagger\swagger-annotations\1.6.8\swagger-annotations-1.6.8.jar;C:\Users\abhay\.m2\repository\io\gsonfire\gson-fire\1.8.5\gson-fire-1.8.5.jar;C:\Users\abhay\.m2\repository\com\squareup\okhttp3\logging-interceptor\4.10.0\logging-interceptor-4.10.0.jar;C:\Users\abhay\.m2\repository\org\jetbrains\kotlin\kotlin-stdlib-jdk8\1.6.10\kotlin-stdlib-jdk8-1.6.10.jar;C:\Users\abhay\.m2\repository\org\jetbrains\kotlin\kotlin-stdlib\1.6.10\kotlin-stdlib-1.6.10.jar;C:\Users\abhay\.m2\repository\org\jetbrains\annotations\13.0\annotations-13.0.jar;C:\Users\abhay\.m2\repository\org\jetbrains\kotlin\kotlin-stdlib-common\1.6.10\kotlin-stdlib-common-1.6.10.jar;C:\Users\abhay\.m2\repository\org\jetbrains\kotlin\kotlin-stdlib-jdk7\1.6.10\kotlin-stdlib-jdk7-1.6.10.jar;C:\Users\abhay\.m2\repository\org\aeonbits\owner\owner-java8\1.0.12\owner-java8-1.0.12.jar;C:\Users\abhay\.m2\repository\org\aeonbits\owner\owner\1.0.12\owner-1.0.12.jar;C:\Users\abhay\.m2\repository\com\konghq\unirest-java\3.4.00\unirest-java-3.4.00.jar;C:\Users\abhay\.m2\repository\org\apache\httpcomponents\httpcore-nio\4.4.11\httpcore-nio-4.4.11.jar;C:\Users\abhay\.m2\repository\org\apache\httpcomponents\httpasyncclient\4.1.4\httpasyncclient-4.1.4.jar;C:\Users\abhay\.m2\repository\com\google\inject\guice\5.1.0\guice-5.1.0.jar;C:\Users\abhay\.m2\repository\javax\inject\javax.inject\1\javax.inject-1.jar;C:\Users\abhay\.m2\repository\aopalliance\aopalliance\1.0\aopalliance-1.0.jar;C:\Users\abhay\.m2\repository\com\google\guava\guava\30.1-jre\guava-30.1-jre.jar;C:\Users\abhay\.m2\repository\com\google\guava\failureaccess\1.0.1\failureaccess-1.0.1.jar;C:\Users\abhay\.m2\repository\com\google\guava\listenablefuture\9999.0-empty-to-avoid-conflict-with-guava\listenablefuture-9999.0-empty-to-avoid-conflict-with-guava.jar;C:\Users\abhay\.m2\repository\org\checkerframework\checker-qual\3.5.0\checker-qual-3.5.0.jar;C:\Users\abhay\.m2\repository\com\google\j2objc\j2objc-annotations\1.3\j2objc-annotations-1.3.jar;C:\Users\abhay\.m2\repository\javax\ws\rs\jsr311-api\1.1.1\jsr311-api-1.1.1.jar;C:\Users\abhay\.m2\repository\javax\ws\rs\javax.ws.rs-api\2.1.1\javax.ws.rs-api-2.1.1.jar;C:\Users\abhay\.m2\repository\com\microsoft\playwright\playwright\1.52.0\playwright-1.52.0.jar;C:\Users\abhay\.m2\repository\com\google\code\gson\gson\2.12.1\gson-2.12.1.jar;C:\Users\abhay\.m2\repository\com\google\errorprone\error_prone_annotations\2.36.0\error_prone_annotations-2.36.0.jar;C:\Users\abhay\.m2\repository\org\opentest4j\opentest4j\1.3.0\opentest4j-1.3.0.jar;C:\Users\abhay\.m2\repository\com\microsoft\playwright\driver\1.52.0\driver-1.52.0.jar;C:\Users\abhay\.m2\repository\com\microsoft\playwright\driver-bundle\1.52.0\driver-bundle-1.52.0.jar;C:\Users\abhay\.m2\repository\io\github\cdimascio\dotenv-java\3.0.0\dotenv-java-3.0.0.jar;C:\Users\abhay\.m2\repository\org\slf4j\slf4j-simple\2.0.12\slf4j-simple-2.0.12.jar;C:\Users\abhay\.m2\repository\org\apache\poi\poi\5.2.5\poi-5.2.5.jar;C:\Users\abhay\.m2\repository\commons-codec\commons-codec\1.16.0\commons-codec-1.16.0.jar;C:\Users\abhay\.m2\repository\org\apache\commons\commons-collections4\4.4\commons-collections4-4.4.jar;C:\Users\abhay\.m2\repository\org\apache\commons\commons-math3\3.6.1\commons-math3-3.6.1.jar;C:\Users\abhay\.m2\repository\commons-io\commons-io\2.15.0\commons-io-2.15.0.jar;C:\Users\abhay\.m2\repository\com\zaxxer\SparseBitSet\1.3\SparseBitSet-1.3.jar;C:\Users\abhay\.m2\repository\org\apache\logging\log4j\log4j-api\2.21.1\log4j-api-2.21.1.jar;C:\Users\abhay\.m2\repository\org\apache\poi\poi-ooxml\5.2.5\poi-ooxml-5.2.5.jar;C:\Users\abhay\.m2\repository\org\apache\poi\poi-ooxml-lite\5.2.5\poi-ooxml-lite-5.2.5.jar;C:\Users\abhay\.m2\repository\org\apache\xmlbeans\xmlbeans\5.2.0\xmlbeans-5.2.0.jar;C:\Users\abhay\.m2\repository\org\apache\commons\commons-compress\1.25.0\commons-compress-1.25.0.jar;C:\Users\abhay\.m2\repository\com\github\virtuald\curvesapi\1.08\curvesapi-1.08.jar;"/>
    <property name="java.vm.vendor" value="Oracle Corporation"/>
    <property name="sun.arch.data.model" value="64"/>
    <property name="user.variant" value=""/>
    <property name="java.vendor.url" value="https://java.oracle.com/"/>
    <property name="user.timezone" value="Asia/Calcutta"/>
    <property name="os.name" value="Windows 11"/>
    <property name="java.vm.specification.version" value="24"/>
    <property name="sun.java.launcher" value="SUN_STANDARD"/>
    <property name="user.country" value="IN"/>
    <property name="sun.boot.library.path" value="C:\Program Files\Java\jdk-24\bin"/>
    <property name="QASE_ENVIRONMENT" value="dev-demo"/>
    <property name="sun.java.command" value="C:\Users\abhay\AppData\Local\Temp\surefire17699072640438854275\surefirebooter1780335930455653665.jar C:\Users\abhay\AppData\Local\Temp\surefire17699072640438854275 2025-06-18T15-12-08_301-jvmRun1 surefire712277081870249172tmp surefire_02413286290052673789tmp"/>
    <property name="jdk.debug" value="release"/>
    <property name="surefire.test.class.path" value="C:\IntelligentSearchProject\search\target\test-classes;C:\IntelligentSearchProject\search\target\classes;C:\Users\abhay\.m2\repository\org\junit\jupiter\junit-jupiter\5.11.2\junit-jupiter-5.11.2.jar;C:\Users\abhay\.m2\repository\org\junit\jupiter\junit-jupiter-api\5.11.2\junit-jupiter-api-5.11.2.jar;C:\Users\abhay\.m2\repository\org\junit\platform\junit-platform-commons\1.11.2\junit-platform-commons-1.11.2.jar;C:\Users\abhay\.m2\repository\org\apiguardian\apiguardian-api\1.1.2\apiguardian-api-1.1.2.jar;C:\Users\abhay\.m2\repository\org\junit\jupiter\junit-jupiter-params\5.11.2\junit-jupiter-params-5.11.2.jar;C:\Users\abhay\.m2\repository\org\junit\jupiter\junit-jupiter-engine\5.11.2\junit-jupiter-engine-5.11.2.jar;C:\Users\abhay\.m2\repository\org\junit\platform\junit-platform-engine\1.11.2\junit-platform-engine-1.11.2.jar;C:\Users\abhay\.m2\repository\io\qase\qase-junit5-reporter\4.0.0\qase-junit5-reporter-4.0.0.jar;C:\Users\abhay\.m2\repository\io\qase\qase-java-commons\4.0.0\qase-java-commons-4.0.0.jar;C:\Users\abhay\.m2\repository\io\qase\qase-api-client\4.0.0\qase-api-client-4.0.0.jar;C:\Users\abhay\.m2\repository\com\squareup\okhttp3\okhttp\4.12.0\okhttp-4.12.0.jar;C:\Users\abhay\.m2\repository\com\squareup\okio\okio\3.6.0\okio-3.6.0.jar;C:\Users\abhay\.m2\repository\com\squareup\okio\okio-jvm\3.6.0\okio-jvm-3.6.0.jar;C:\Users\abhay\.m2\repository\org\apache\commons\commons-lang3\3.13.0\commons-lang3-3.13.0.jar;C:\Users\abhay\.m2\repository\org\apache\httpcomponents\httpmime\4.3.1\httpmime-4.3.1.jar;C:\Users\abhay\.m2\repository\org\apache\httpcomponents\httpclient\4.3.1\httpclient-4.3.1.jar;C:\Users\abhay\.m2\repository\org\apache\httpcomponents\httpcore\4.3\httpcore-4.3.jar;C:\Users\abhay\.m2\repository\commons-logging\commons-logging\1.1.3\commons-logging-1.1.3.jar;C:\Users\abhay\.m2\repository\org\aspectj\aspectjrt\1.8.9\aspectjrt-1.8.9.jar;C:\Users\abhay\.m2\repository\org\json\json\20231013\json-20231013.jar;C:\Users\abhay\.m2\repository\org\junit\platform\junit-platform-launcher\1.6.2\junit-platform-launcher-1.6.2.jar;C:\Users\abhay\.m2\repository\org\projectlombok\lombok\1.18.34\lombok-1.18.34.jar;C:\Users\abhay\.m2\repository\ch\qos\logback\logback-core\1.2.13\logback-core-1.2.13.jar;C:\Users\abhay\.m2\repository\ch\qos\logback\logback-classic\1.2.13\logback-classic-1.2.13.jar;C:\Users\abhay\.m2\repository\org\slf4j\slf4j-api\1.7.32\slf4j-api-1.7.32.jar;C:\Users\abhay\.m2\repository\io\qase\qase-junit5\3.2.1\qase-junit5-3.2.1.jar;C:\Users\abhay\.m2\repository\io\qase\qase-api\3.2.1\qase-api-3.2.1.jar;C:\Users\abhay\.m2\repository\org\openapitools\jackson-databind-nullable\0.2.4\jackson-databind-nullable-0.2.4.jar;C:\Users\abhay\.m2\repository\com\fasterxml\jackson\core\jackson-databind\2.14.0-rc2\jackson-databind-2.14.0-rc2.jar;C:\Users\abhay\.m2\repository\com\fasterxml\jackson\core\jackson-annotations\2.14.0-rc2\jackson-annotations-2.14.0-rc2.jar;C:\Users\abhay\.m2\repository\com\fasterxml\jackson\core\jackson-core\2.14.0-rc2\jackson-core-2.14.0-rc2.jar;C:\Users\abhay\.m2\repository\com\google\code\findbugs\jsr305\3.0.2\jsr305-3.0.2.jar;C:\Users\abhay\.m2\repository\javax\annotation\javax.annotation-api\1.3.2\javax.annotation-api-1.3.2.jar;C:\Users\abhay\.m2\repository\io\swagger\swagger-annotations\1.6.8\swagger-annotations-1.6.8.jar;C:\Users\abhay\.m2\repository\io\gsonfire\gson-fire\1.8.5\gson-fire-1.8.5.jar;C:\Users\abhay\.m2\repository\com\squareup\okhttp3\logging-interceptor\4.10.0\logging-interceptor-4.10.0.jar;C:\Users\abhay\.m2\repository\org\jetbrains\kotlin\kotlin-stdlib-jdk8\1.6.10\kotlin-stdlib-jdk8-1.6.10.jar;C:\Users\abhay\.m2\repository\org\jetbrains\kotlin\kotlin-stdlib\1.6.10\kotlin-stdlib-1.6.10.jar;C:\Users\abhay\.m2\repository\org\jetbrains\annotations\13.0\annotations-13.0.jar;C:\Users\abhay\.m2\repository\org\jetbrains\kotlin\kotlin-stdlib-common\1.6.10\kotlin-stdlib-common-1.6.10.jar;C:\Users\abhay\.m2\repository\org\jetbrains\kotlin\kotlin-stdlib-jdk7\1.6.10\kotlin-stdlib-jdk7-1.6.10.jar;C:\Users\abhay\.m2\repository\org\aeonbits\owner\owner-java8\1.0.12\owner-java8-1.0.12.jar;C:\Users\abhay\.m2\repository\org\aeonbits\owner\owner\1.0.12\owner-1.0.12.jar;C:\Users\abhay\.m2\repository\com\konghq\unirest-java\3.4.00\unirest-java-3.4.00.jar;C:\Users\abhay\.m2\repository\org\apache\httpcomponents\httpcore-nio\4.4.11\httpcore-nio-4.4.11.jar;C:\Users\abhay\.m2\repository\org\apache\httpcomponents\httpasyncclient\4.1.4\httpasyncclient-4.1.4.jar;C:\Users\abhay\.m2\repository\com\google\inject\guice\5.1.0\guice-5.1.0.jar;C:\Users\abhay\.m2\repository\javax\inject\javax.inject\1\javax.inject-1.jar;C:\Users\abhay\.m2\repository\aopalliance\aopalliance\1.0\aopalliance-1.0.jar;C:\Users\abhay\.m2\repository\com\google\guava\guava\30.1-jre\guava-30.1-jre.jar;C:\Users\abhay\.m2\repository\com\google\guava\failureaccess\1.0.1\failureaccess-1.0.1.jar;C:\Users\abhay\.m2\repository\com\google\guava\listenablefuture\9999.0-empty-to-avoid-conflict-with-guava\listenablefuture-9999.0-empty-to-avoid-conflict-with-guava.jar;C:\Users\abhay\.m2\repository\org\checkerframework\checker-qual\3.5.0\checker-qual-3.5.0.jar;C:\Users\abhay\.m2\repository\com\google\j2objc\j2objc-annotations\1.3\j2objc-annotations-1.3.jar;C:\Users\abhay\.m2\repository\javax\ws\rs\jsr311-api\1.1.1\jsr311-api-1.1.1.jar;C:\Users\abhay\.m2\repository\javax\ws\rs\javax.ws.rs-api\2.1.1\javax.ws.rs-api-2.1.1.jar;C:\Users\abhay\.m2\repository\com\microsoft\playwright\playwright\1.52.0\playwright-1.52.0.jar;C:\Users\abhay\.m2\repository\com\google\code\gson\gson\2.12.1\gson-2.12.1.jar;C:\Users\abhay\.m2\repository\com\google\errorprone\error_prone_annotations\2.36.0\error_prone_annotations-2.36.0.jar;C:\Users\abhay\.m2\repository\org\opentest4j\opentest4j\1.3.0\opentest4j-1.3.0.jar;C:\Users\abhay\.m2\repository\com\microsoft\playwright\driver\1.52.0\driver-1.52.0.jar;C:\Users\abhay\.m2\repository\com\microsoft\playwright\driver-bundle\1.52.0\driver-bundle-1.52.0.jar;C:\Users\abhay\.m2\repository\io\github\cdimascio\dotenv-java\3.0.0\dotenv-java-3.0.0.jar;C:\Users\abhay\.m2\repository\org\slf4j\slf4j-simple\2.0.12\slf4j-simple-2.0.12.jar;C:\Users\abhay\.m2\repository\org\apache\poi\poi\5.2.5\poi-5.2.5.jar;C:\Users\abhay\.m2\repository\commons-codec\commons-codec\1.16.0\commons-codec-1.16.0.jar;C:\Users\abhay\.m2\repository\org\apache\commons\commons-collections4\4.4\commons-collections4-4.4.jar;C:\Users\abhay\.m2\repository\org\apache\commons\commons-math3\3.6.1\commons-math3-3.6.1.jar;C:\Users\abhay\.m2\repository\commons-io\commons-io\2.15.0\commons-io-2.15.0.jar;C:\Users\abhay\.m2\repository\com\zaxxer\SparseBitSet\1.3\SparseBitSet-1.3.jar;C:\Users\abhay\.m2\repository\org\apache\logging\log4j\log4j-api\2.21.1\log4j-api-2.21.1.jar;C:\Users\abhay\.m2\repository\org\apache\poi\poi-ooxml\5.2.5\poi-ooxml-5.2.5.jar;C:\Users\abhay\.m2\repository\org\apache\poi\poi-ooxml-lite\5.2.5\poi-ooxml-lite-5.2.5.jar;C:\Users\abhay\.m2\repository\org\apache\xmlbeans\xmlbeans\5.2.0\xmlbeans-5.2.0.jar;C:\Users\abhay\.m2\repository\org\apache\commons\commons-compress\1.25.0\commons-compress-1.25.0.jar;C:\Users\abhay\.m2\repository\com\github\virtuald\curvesapi\1.08\curvesapi-1.08.jar;"/>
    <property name="sun.cpu.endian" value="little"/>
    <property name="user.home" value="C:\Users\abhay"/>
    <property name="user.language" value="en"/>
    <property name="java.specification.vendor" value="Oracle Corporation"/>
    <property name="java.version.date" value="2025-03-18"/>
    <property name="java.home" value="C:\Program Files\Java\jdk-24"/>
    <property name="file.separator" value="\"/>
    <property name="basedir" value="C:\IntelligentSearchProject\search"/>
    <property name="java.vm.compressedOopsMode" value="32-bit"/>
    <property name="QASE_DEBUG" value="true"/>
    <property name="line.separator" value="&#10;"/>
    <property name="java.vm.specification.vendor" value="Oracle Corporation"/>
    <property name="java.specification.name" value="Java Platform API Specification"/>
    <property name="QASE_CLIENT_REPORTER_NAME" value="JUnit 5"/>
    <property name="QASE_TESTOPS_API_TOKEN" value="d552f970929385c45f9cbdedc77870f47af614396e879cb1afb8a5a13f06c3e5"/>
    <property name="surefire.real.class.path" value="C:\Users\abhay\AppData\Local\Temp\surefire17699072640438854275\surefirebooter1780335930455653665.jar"/>
    <property name="user.script" value=""/>
    <property name="sun.management.compiler" value="HotSpot 64-Bit Tiered Compilers"/>
    <property name="QASE_TESTOPS_PROJECT" value="SEARCH"/>
    <property name="java.runtime.version" value="24+36-3646"/>
    <property name="user.name" value="abhay"/>
    <property name="stdout.encoding" value="Cp1252"/>
    <property name="path.separator" value=";"/>
    <property name="os.version" value="10.0"/>
    <property name="java.runtime.name" value="Java(TM) SE Runtime Environment"/>
    <property name="file.encoding" value="UTF-8"/>
    <property name="java.vm.name" value="Java HotSpot(TM) 64-Bit Server VM"/>
    <property name="localRepository" value="C:\Users\abhay\.m2\repository"/>
    <property name="java.vendor.url.bug" value="https://bugreport.java.com/bugreport/"/>
    <property name="java.io.tmpdir" value="C:\Users\abhay\AppData\Local\Temp\"/>
    <property name="java.version" value="24"/>
    <property name="user.dir" value="C:\IntelligentSearchProject\search"/>
    <property name="os.arch" value="amd64"/>
    <property name="java.vm.specification.name" value="Java Virtual Machine Specification"/>
    <property name="sun.os.patch.level" value=""/>
    <property name="native.encoding" value="Cp1252"/>
    <property name="java.library.path" value="C:\Program Files\Java\jdk-24\bin;C:\WINDOWS\Sun\Java\bin;C:\WINDOWS\system32;C:\WINDOWS;C:\Program Files\Common Files\Oracle\Java\javapath;C:\Program Files (x86)\Common Files\Oracle\Java\java8path;C:\Program Files (x86)\Common Files\Oracle\Java\javapath;C:\Python312\Scripts\;C:\Python312\;C:\Program Files\Eclipse Adoptium\jre-17.0.13.11-hotspot\bin;C:\Program Files\Eclipse Adoptium\jdk-17.0.13.11-hotspot\bin;C:\Program Files\Common Files\Oracle\Java\bin;C:\WINDOWS\system32;C:\WINDOWS;C:\WINDOWS\System32\Wbem;C:\WINDOWS\System32\WindowsPowerShell\v1.0\;C:\WINDOWS\System32\OpenSSH\;C:\ProgramData\chocolatey\bin;C:\Program Files\nodejs\;C:\Program Files\Java\jdk-24\bin;C:\Program Files\Maven\apache-maven-3.9.9\bin;C:\Program Files\Maven\apache-maven-3.9.9\bin;C:\Program Files\Java\jdk-24\bin;C:\Users\abhay\AppData\Local\Microsoft\WindowsApps;C:\Program Files\JetBrains\IntelliJ IDEA Community Edition 2023.2.4\bin;;C:\Program Files\sf\bin;C:\Program Files\Eclipse Adoptium\jdk-17.0.13.11-hotspot\bin;C:\Users\abhay\AppData\Roaming\npm;C:\Users\abhay\AppData\Local\Programs\Microsoft VS Code\bin;c:\Users\abhay\AppData\Roaming\Code\User\globalStorage\github.copilot-chat\debugCommand;."/>
    <property name="java.vm.info" value="mixed mode, sharing"/>
    <property name="stderr.encoding" value="Cp1252"/>
    <property name="java.vendor" value="Oracle Corporation"/>
    <property name="java.vm.version" value="24+36-3646"/>
    <property name="QASE_MODE" value="testops"/>
    <property name="sun.io.unicode.encoding" value="UnicodeLittle"/>
    <property name="java.class.version" value="68.0"/>
  </properties>
  <testcase name="navigateToLoginPage" classname="com.qa.nal.SearchTests" time="7.195">
    <system-out><![CDATA[15:12:10.497 [main] INFO  i.q.commons.reporters.CoreReporter - Starting test run
15:12:12.144 [main] INFO  i.q.c.reporters.TestopsReporter - Test run 43 started
15:12:23.914 [main] INFO  io.qase.api.QaseClient - Qase project code - INTSEARCH
15:12:23.914 [main] INFO  io.qase.api.QaseClient - Required parameters 'QASE_RUN_ID' or 'QASE_RUN_NAME' aren't specified
15:12:31.094 [main] INFO  com.qa.nal.SearchTests - Navigating to login page: https://dev-demo.neuron7.ai
15:12:31.106 [main] INFO  i.q.commons.reporters.CoreReporter - Adding result: {"id":"e8e1c7fd-785f-425f-9c2b-477699f511e1","title":"Navigate to Login","signature":"com:qa:nal::searchtests.java::searchtests::navigatetologinpage::1","testopsId":1,"execution":{"startTime":1750239743930,"status":"PASSED","endTime":1750239751106,"duration":7176},"fields":{},"attachments":[],"steps":[],"params":{},"paramGroups":[],"relations":{"suite":{"data":[{"title":"com.qa.nal.SearchTests","publicId":0}]}},"muted":false,"ignore":false}
]]></system-out>
  </testcase>
  <testcase name="performLogin" classname="com.qa.nal.SearchTests" time="6.722">
    <system-out><![CDATA[15:12:33.432 [main] INFO  com.qa.nal.SearchTests - Username field clicked
15:12:33.508 [main] INFO  com.qa.nal.SearchTests - Username field filled
15:12:33.508 [main] INFO  com.qa.nal.SearchTests - [STEP] Username field
15:12:35.603 [main] INFO  com.qa.nal.SearchTests - Password field clicked
15:12:35.681 [main] INFO  com.qa.nal.SearchTests - Password field filled
15:12:35.681 [main] INFO  com.qa.nal.SearchTests - [STEP] Password field
15:12:37.797 [main] INFO  com.qa.nal.SearchTests - Login button clicked
15:12:37.798 [main] INFO  com.qa.nal.SearchTests - [STEP] Login Button Clicked
15:12:37.826 [main] INFO  com.qa.nal.SearchTests - Login successful, navigated to home page
15:12:37.830 [main] INFO  i.q.commons.reporters.CoreReporter - Adding result: {"id":"0a07bdd6-ed87-4d6a-b011-aca7404c4652","title":"Perform Login","signature":"com:qa:nal::searchtests.java::searchtests::performlogin::2","testopsId":2,"execution":{"startTime":1750239751117,"status":"PASSED","endTime":1750239757829,"duration":6712},"fields":{},"attachments":[],"steps":[],"params":{},"paramGroups":[],"relations":{"suite":{"data":[{"title":"com.qa.nal.SearchTests","publicId":0}]}},"muted":false,"ignore":false}
]]></system-out>
  </testcase>
  <testcase name="handleInitialPopup" classname="com.qa.nal.SearchTests" time="4.475">
    <system-out><![CDATA[15:12:37.855 [main] INFO  com.qa.nal.SearchTests - Modal Pop-Up found
15:12:42.309 [main] INFO  com.qa.nal.SearchTests - Cancel button clicked
15:12:42.310 [main] INFO  i.q.commons.reporters.CoreReporter - Adding result: {"id":"04bd967f-6dad-4737-95be-74677d679032","title":"Handle Pop-Up","signature":"com:qa:nal::searchtests.java::searchtests::handleinitialpopup::3","testopsId":3,"execution":{"startTime":1750239757847,"status":"PASSED","endTime":1750239762310,"duration":4463},"fields":{},"attachments":[],"steps":[],"params":{},"paramGroups":[],"relations":{"suite":{"data":[{"title":"com.qa.nal.SearchTests","publicId":0}]}},"muted":false,"ignore":false}
]]></system-out>
  </testcase>
  <testcase name="navigateToIntelligentSearch" classname="com.qa.nal.SearchTests" time="2.101">
    <system-out><![CDATA[15:12:44.414 [main] INFO  com.qa.nal.SearchTests - Intelligent Search Card Clicked!
15:12:44.415 [main] INFO  com.qa.nal.SearchTests - Intelligent Search successfully Opened!
15:12:44.415 [main] INFO  i.q.commons.reporters.CoreReporter - Adding result: {"id":"21e4ae64-ff98-4395-98ff-e4c685ae4824","title":"Navigate to Intelligent Search","signature":"com:qa:nal::searchtests.java::searchtests::navigatetointelligentsearch::4","testopsId":4,"execution":{"startTime":1750239762317,"status":"PASSED","endTime":1750239764415,"duration":2098},"fields":{},"attachments":[],"steps":[],"params":{},"paramGroups":[],"relations":{"suite":{"data":[{"title":"com.qa.nal.SearchTests","publicId":0}]}},"muted":false,"ignore":false}
]]></system-out>
  </testcase>
  <testcase name="testSearchQueries" classname="com.qa.nal.SearchTests" time="2.035">
    <failure type="org.opentest4j.AssertionFailedError"><![CDATA[org.opentest4j.AssertionFailedError: 
Test failed for query: Email server down - Error {
  message='Target page, context or browser has been closed
  name='TargetClosedError
  stack='TargetClosedError:Target page, context or browser has been closed
Error
    at captureRawStack (C:\Users\abhay\AppData\Local\Temp\playwright-java-6092977506892346887\package\lib\utils\isomorphic\stackTrace.js:32:17)
    at LongStandingScope._race (C:\Users\abhay\AppData\Local\Temp\playwright-java-6092977506892346887\package\lib\utils\isomorphic\manualPromise.js:88:58)
    at LongStandingScope.race (C:\Users\abhay\AppData\Local\Temp\playwright-java-6092977506892346887\package\lib\utils\isomorphic\manualPromise.js:81:17)
    at FrameDispatcher._handleCommand (C:\Users\abhay\AppData\Local\Temp\playwright-java-6092977506892346887\package\lib\server\dispatchers\dispatcher.js:96:36)
    at DispatcherConnection.dispatch (C:\Users\abhay\AppData\Local\Temp\playwright-java-6092977506892346887\package\lib\server\dispatchers\dispatcher.js:307:39)
}
	at com.qa.nal.SearchTests.testSearchQueries(SearchTests.java:389)
]]></failure>
    <system-out><![CDATA[Queries loaded from Excel: [Email server down, 401 optics initialization error, transfusion, a critical part of success]
15:12:46.014 [main] INFO  com.qa.nal.SearchTests - Search Field Filled with: Email server down
15:12:46.452 [main] INFO  i.q.commons.reporters.CoreReporter - Adding result: {"id":"5126e0cf-e2f7-4d3d-81fe-0d68c073a1a8","title":"Search Query","signature":"com:qa:nal::searchtests.java::searchtests::testsearchqueries::5","testopsId":5,"execution":{"startTime":1750239764419,"status":"FAILED","endTime":1750239766452,"duration":2033,"stacktrace":"org.opentest4j.AssertionFailedError: Test failed for query: Email server down - Error {\n  message\u003d\u0027Target page, context or browser has been closed\n  name\u003d\u0027TargetClosedError\n  stack\u003d\u0027TargetClosedError:Target page, context or browser has been closed\nError\n    at captureRawStack (C:\\Users\\abhay\\AppData\\Local\\Temp\\playwright-java-6092977506892346887\\package\\lib\\utils\\isomorphic\\stackTrace.js:32:17)\n    at LongStandingScope._race (C:\\Users\\abhay\\AppData\\Local\\Temp\\playwright-java-6092977506892346887\\package\\lib\\utils\\isomorphic\\manualPromise.js:88:58)\n    at LongStandingScope.race (C:\\Users\\abhay\\AppData\\Local\\Temp\\playwright-java-6092977506892346887\\package\\lib\\utils\\isomorphic\\manualPromise.js:81:17)\n    at FrameDispatcher._handleCommand (C:\\Users\\abhay\\AppData\\Local\\Temp\\playwright-java-6092977506892346887\\package\\lib\\server\\dispatchers\\dispatcher.js:96:36)\n    at DispatcherConnection.dispatch (C:\\Users\\abhay\\AppData\\Local\\Temp\\playwright-java-6092977506892346887\\package\\lib\\server\\dispatchers\\dispatcher.js:307:39)\n}\r\n\tat org.junit.jupiter.api.AssertionUtils.fail(AssertionUtils.java:38)\r\n\tat org.junit.jupiter.api.Assertions.fail(Assertions.java:138)\r\n\tat com.qa.nal.SearchTests.testSearchQueries(SearchTests.java:389)\r\n\tat java.base/jdk.internal.reflect.DirectMethodHandleAccessor.invoke(DirectMethodHandleAccessor.java:104)\r\n\tat java.base/java.lang.reflect.Method.invoke(Method.java:565)\r\n\tat org.junit.platform.commons.util.ReflectionUtils.invokeMethod(ReflectionUtils.java:766)\r\n\tat org.junit.jupiter.engine.execution.MethodInvocation.proceed(MethodInvocation.java:60)\r\n\tat org.junit.jupiter.engine.execution.InvocationInterceptorChain$ValidatingInvocation.proceed(InvocationInterceptorChain.java:131)\r\n\tat io.qase.junit5.QaseListener.interceptTestMethod(QaseListener.java:67)\r\n\tat org.junit.jupiter.engine.execution.InterceptingExecutableInvoker$ReflectiveInterceptorCall.lambda$ofVoidMethod$0(InterceptingExecutableInvoker.java:103)\r\n\tat org.junit.jupiter.engine.execution.InterceptingExecutableInvoker.lambda$invoke$0(InterceptingExecutableInvoker.java:93)\r\n\tat org.junit.jupiter.engine.execution.InvocationInterceptorChain$InterceptedInvocation.proceed(InvocationInterceptorChain.java:106)\r\n\tat org.junit.jupiter.engine.extension.TimeoutExtension.intercept(TimeoutExtension.java:156)\r\n\tat org.junit.jupiter.engine.extension.TimeoutExtension.interceptTestableMethod(TimeoutExtension.java:147)\r\n\tat org.junit.jupiter.engine.extension.TimeoutExtension.interceptTestMethod(TimeoutExtension.java:86)\r\n\tat org.junit.jupiter.engine.execution.InterceptingExecutableInvoker$ReflectiveInterceptorCall.lambda$ofVoidMethod$0(InterceptingExecutableInvoker.java:103)\r\n\tat org.junit.jupiter.engine.execution.InterceptingExecutableInvoker.lambda$invoke$0(InterceptingExecutableInvoker.java:93)\r\n\tat org.junit.jupiter.engine.execution.InvocationInterceptorChain$InterceptedInvocation.proceed(InvocationInterceptorChain.java:106)\r\n\tat org.junit.jupiter.engine.execution.InvocationInterceptorChain.proceed(InvocationInterceptorChain.java:64)\r\n\tat org.junit.jupiter.engine.execution.InvocationInterceptorChain.chainAndInvoke(InvocationInterceptorChain.java:45)\r\n\tat org.junit.jupiter.engine.execution.InvocationInterceptorChain.invoke(InvocationInterceptorChain.java:37)\r\n\tat org.junit.jupiter.engine.execution.InterceptingExecutableInvoker.invoke(InterceptingExecutableInvoker.java:92)\r\n\tat org.junit.jupiter.engine.execution.InterceptingExecutableInvoker.invoke(InterceptingExecutableInvoker.java:86)\r\n\tat org.junit.jupiter.engine.descriptor.TestMethodTestDescriptor.lambda$invokeTestMethod$8(TestMethodTestDescriptor.java:217)\r\n\tat org.junit.platform.engine.support.hierarchical.ThrowableCollector.execute(ThrowableCollector.java:73)\r\n\tat org.junit.jupiter.engine.descriptor.TestMethodTestDescriptor.invokeTestMethod(TestMethodTestDescriptor.java:213)\r\n\tat org.junit.jupiter.engine.descriptor.TestMethodTestDescriptor.execute(TestMethodTestDescriptor.java:138)\r\n\tat org.junit.jupiter.engine.descriptor.TestMethodTestDescriptor.execute(TestMethodTestDescriptor.java:68)\r\n\tat org.junit.platform.engine.support.hierarchical.NodeTestTask.lambda$executeRecursively$6(NodeTestTask.java:156)\r\n\tat org.junit.platform.engine.support.hierarchical.ThrowableCollector.execute(ThrowableCollector.java:73)\r\n\tat org.junit.platform.engine.support.hierarchical.NodeTestTask.lambda$executeRecursively$8(NodeTestTask.java:146)\r\n\tat org.junit.platform.engine.support.hierarchical.Node.around(Node.java:137)\r\n\tat org.junit.platform.engine.support.hierarchical.NodeTestTask.lambda$executeRecursively$9(NodeTestTask.java:144)\r\n\tat org.junit.platform.engine.support.hierarchical.ThrowableCollector.execute(ThrowableCollector.java:73)\r\n\tat org.junit.platform.engine.support.hierarchical.NodeTestTask.executeRecursively(NodeTestTask.java:143)\r\n\tat org.junit.platform.engine.support.hierarchical.NodeTestTask.execute(NodeTestTask.java:100)\r\n\tat java.base/java.util.ArrayList.forEach(ArrayList.java:1604)\r\n\tat org.junit.platform.engine.support.hierarchical.SameThreadHierarchicalTestExecutorService.invokeAll(SameThreadHierarchicalTestExecutorService.java:41)\r\n\tat org.junit.platform.engine.support.hierarchical.NodeTestTask.lambda$executeRecursively$6(NodeTestTask.java:160)\r\n\tat org.junit.platform.engine.support.hierarchical.ThrowableCollector.execute(ThrowableCollector.java:73)\r\n\tat org.junit.platform.engine.support.hierarchical.NodeTestTask.lambda$executeRecursively$8(NodeTestTask.java:146)\r\n\tat org.junit.platform.engine.support.hierarchical.Node.around(Node.java:137)\r\n\tat org.junit.platform.engine.support.hierarchical.NodeTestTask.lambda$executeRecursively$9(NodeTestTask.java:144)\r\n\tat org.junit.platform.engine.support.hierarchical.ThrowableCollector.execute(ThrowableCollector.java:73)\r\n\tat org.junit.platform.engine.support.hierarchical.NodeTestTask.executeRecursively(NodeTestTask.java:143)\r\n\tat org.junit.platform.engine.support.hierarchical.NodeTestTask.execute(NodeTestTask.java:100)\r\n\tat java.base/java.util.ArrayList.forEach(ArrayList.java:1604)\r\n\tat org.junit.platform.engine.support.hierarchical.SameThreadHierarchicalTestExecutorService.invokeAll(SameThreadHierarchicalTestExecutorService.java:41)\r\n\tat org.junit.platform.engine.support.hierarchical.NodeTestTask.lambda$executeRecursively$6(NodeTestTask.java:160)\r\n\tat org.junit.platform.engine.support.hierarchical.ThrowableCollector.execute(ThrowableCollector.java:73)\r\n\tat org.junit.platform.engine.support.hierarchical.NodeTestTask.lambda$executeRecursively$8(NodeTestTask.java:146)\r\n\tat org.junit.platform.engine.support.hierarchical.Node.around(Node.java:137)\r\n\tat org.junit.platform.engine.support.hierarchical.NodeTestTask.lambda$executeRecursively$9(NodeTestTask.java:144)\r\n\tat org.junit.platform.engine.support.hierarchical.ThrowableCollector.execute(ThrowableCollector.java:73)\r\n\tat org.junit.platform.engine.support.hierarchical.NodeTestTask.executeRecursively(NodeTestTask.java:143)\r\n\tat org.junit.platform.engine.support.hierarchical.NodeTestTask.execute(NodeTestTask.java:100)\r\n\tat org.junit.platform.engine.support.hierarchical.SameThreadHierarchicalTestExecutorService.submit(SameThreadHierarchicalTestExecutorService.java:35)\r\n\tat org.junit.platform.engine.support.hierarchical.HierarchicalTestExecutor.execute(HierarchicalTestExecutor.java:57)\r\n\tat org.junit.platform.engine.support.hierarchical.HierarchicalTestEngine.execute(HierarchicalTestEngine.java:54)\r\n\tat org.junit.platform.launcher.core.DefaultLauncher.execute(DefaultLauncher.java:248)\r\n\tat org.junit.platform.launcher.core.DefaultLauncher.lambda$execute$5(DefaultLauncher.java:211)\r\n\tat org.junit.platform.launcher.core.DefaultLauncher.withInterceptedStreams(DefaultLauncher.java:226)\r\n\tat org.junit.platform.launcher.core.DefaultLauncher.execute(DefaultLauncher.java:199)\r\n\tat org.junit.platform.launcher.core.DefaultLauncher.execute(DefaultLauncher.java:132)\r\n\tat org.apache.maven.surefire.junitplatform.JUnitPlatformProvider.execute(JUnitPlatformProvider.java:188)\r\n\tat org.apache.maven.surefire.junitplatform.JUnitPlatformProvider.invokeAllTests(JUnitPlatformProvider.java:154)\r\n\tat org.apache.maven.surefire.junitplatform.JUnitPlatformProvider.invoke(JUnitPlatformProvider.java:128)\r\n\tat org.apache.maven.surefire.booter.ForkedBooter.runSuitesInProcess(ForkedBooter.java:428)\r\n\tat org.apache.maven.surefire.booter.ForkedBooter.execute(ForkedBooter.java:162)\r\n\tat org.apache.maven.surefire.booter.ForkedBooter.run(ForkedBooter.java:562)\r\n\tat org.apache.maven.surefire.booter.ForkedBooter.main(ForkedBooter.java:548)\r\n"},"fields":{},"attachments":[],"steps":[],"params":{},"paramGroups":[],"relations":{"suite":{"data":[{"title":"com.qa.nal.SearchTests","publicId":0}]}},"muted":false,"message":"org.opentest4j.AssertionFailedError: Test failed for query: Email server down - Error {\n  message\u003d\u0027Target page, context or browser has been closed\n  name\u003d\u0027TargetClosedError\n  stack\u003d\u0027TargetClosedError:Target page, context or browser has been closed\nError\n    at captureRawStack (C:\\Users\\abhay\\AppData\\Local\\Temp\\playwright-java-6092977506892346887\\package\\lib\\utils\\isomorphic\\stackTrace.js:32:17)\n    at LongStandingScope._race (C:\\Users\\abhay\\AppData\\Local\\Temp\\playwright-java-6092977506892346887\\package\\lib\\utils\\isomorphic\\manualPromise.js:88:58)\n    at LongStandingScope.race (C:\\Users\\abhay\\AppData\\Local\\Temp\\playwright-java-6092977506892346887\\package\\lib\\utils\\isomorphic\\manualPromise.js:81:17)\n    at FrameDispatcher._handleCommand (C:\\Users\\abhay\\AppData\\Local\\Temp\\playwright-java-6092977506892346887\\package\\lib\\server\\dispatchers\\dispatcher.js:96:36)\n    at DispatcherConnection.dispatch (C:\\Users\\abhay\\AppData\\Local\\Temp\\playwright-java-6092977506892346887\\package\\lib\\server\\dispatchers\\dispatcher.js:307:39)\n}","ignore":false}
15:12:46.453 [main] INFO  i.q.c.reporters.TestopsReporter - See why this test failed: https://app.qase.io/run/SEARCH/dashboard/43?source=logs&status=%5B2%5D&search=5
]]></system-out>
    <system-err><![CDATA[ERROR StatusLogger Log4j2 could not find a logging implementation. Please add log4j-core to the classpath. Using SimpleLogger to log to the console...
Screenshot capture failed: Error {
  message='Target page, context or browser has been closed
  name='TargetClosedError
  stack='TargetClosedError: Target page, context or browser has been closed
    at DispatcherConnection.dispatch (C:\Users\abhay\AppData\Local\Temp\playwright-java-6092977506892346887\package\lib\server\dispatchers\dispatcher.js:244:69)
    at transport.onmessage (C:\Users\abhay\AppData\Local\Temp\playwright-java-6092977506892346887\package\lib\cli\driver.js:53:59)
    at Immediate._onImmediate (C:\Users\abhay\AppData\Local\Temp\playwright-java-6092977506892346887\package\lib\server\utils\pipeTransport.js:76:16)
    at process.processImmediate (node:internal/timers:491:21)
}
]]></system-err>
  </testcase>
  <testcase name="searchCPFQuery" classname="com.qa.nal.SearchTests" time="0.009">
    <failure type="org.opentest4j.AssertionFailedError"><![CDATA[org.opentest4j.AssertionFailedError: 
Test failed for query: Circuit Pack Failed - Error {
  message='Target page, context or browser has been closed
  name='TargetClosedError
  stack='TargetClosedError: Target page, context or browser has been closed
    at DispatcherConnection.dispatch (C:\Users\abhay\AppData\Local\Temp\playwright-java-6092977506892346887\package\lib\server\dispatchers\dispatcher.js:244:69)
    at transport.onmessage (C:\Users\abhay\AppData\Local\Temp\playwright-java-6092977506892346887\package\lib\cli\driver.js:53:59)
    at Immediate._onImmediate (C:\Users\abhay\AppData\Local\Temp\playwright-java-6092977506892346887\package\lib\server\utils\pipeTransport.js:76:16)
    at process.processImmediate (node:internal/timers:491:21)
}
	at com.qa.nal.SearchTests.searchCPFQuery(SearchTests.java:423)
]]></failure>
    <system-out><![CDATA[15:12:46.462 [main] INFO  i.q.commons.reporters.CoreReporter - Adding result: {"id":"1c32bb90-cdf3-4494-950e-906269d6cbfe","title":"Test Circuit Pack Failed","signature":"com:qa:nal::searchtests.java::searchtests::searchcpfquery::6","testopsId":6,"execution":{"startTime":1750239766459,"status":"FAILED","endTime":1750239766462,"duration":3,"stacktrace":"org.opentest4j.AssertionFailedError: Test failed for query: Circuit Pack Failed - Error {\n  message\u003d\u0027Target page, context or browser has been closed\n  name\u003d\u0027TargetClosedError\n  stack\u003d\u0027TargetClosedError: Target page, context or browser has been closed\n    at DispatcherConnection.dispatch (C:\\Users\\abhay\\AppData\\Local\\Temp\\playwright-java-6092977506892346887\\package\\lib\\server\\dispatchers\\dispatcher.js:244:69)\n    at transport.onmessage (C:\\Users\\abhay\\AppData\\Local\\Temp\\playwright-java-6092977506892346887\\package\\lib\\cli\\driver.js:53:59)\n    at Immediate._onImmediate (C:\\Users\\abhay\\AppData\\Local\\Temp\\playwright-java-6092977506892346887\\package\\lib\\server\\utils\\pipeTransport.js:76:16)\n    at process.processImmediate (node:internal/timers:491:21)\n}\r\n\tat org.junit.jupiter.api.AssertionUtils.fail(AssertionUtils.java:38)\r\n\tat org.junit.jupiter.api.Assertions.fail(Assertions.java:138)\r\n\tat com.qa.nal.SearchTests.searchCPFQuery(SearchTests.java:423)\r\n\tat java.base/jdk.internal.reflect.DirectMethodHandleAccessor.invoke(DirectMethodHandleAccessor.java:104)\r\n\tat java.base/java.lang.reflect.Method.invoke(Method.java:565)\r\n\tat org.junit.platform.commons.util.ReflectionUtils.invokeMethod(ReflectionUtils.java:766)\r\n\tat org.junit.jupiter.engine.execution.MethodInvocation.proceed(MethodInvocation.java:60)\r\n\tat org.junit.jupiter.engine.execution.InvocationInterceptorChain$ValidatingInvocation.proceed(InvocationInterceptorChain.java:131)\r\n\tat io.qase.junit5.QaseListener.interceptTestMethod(QaseListener.java:67)\r\n\tat org.junit.jupiter.engine.execution.InterceptingExecutableInvoker$ReflectiveInterceptorCall.lambda$ofVoidMethod$0(InterceptingExecutableInvoker.java:103)\r\n\tat org.junit.jupiter.engine.execution.InterceptingExecutableInvoker.lambda$invoke$0(InterceptingExecutableInvoker.java:93)\r\n\tat org.junit.jupiter.engine.execution.InvocationInterceptorChain$InterceptedInvocation.proceed(InvocationInterceptorChain.java:106)\r\n\tat org.junit.jupiter.engine.extension.TimeoutExtension.intercept(TimeoutExtension.java:156)\r\n\tat org.junit.jupiter.engine.extension.TimeoutExtension.interceptTestableMethod(TimeoutExtension.java:147)\r\n\tat org.junit.jupiter.engine.extension.TimeoutExtension.interceptTestMethod(TimeoutExtension.java:86)\r\n\tat org.junit.jupiter.engine.execution.InterceptingExecutableInvoker$ReflectiveInterceptorCall.lambda$ofVoidMethod$0(InterceptingExecutableInvoker.java:103)\r\n\tat org.junit.jupiter.engine.execution.InterceptingExecutableInvoker.lambda$invoke$0(InterceptingExecutableInvoker.java:93)\r\n\tat org.junit.jupiter.engine.execution.InvocationInterceptorChain$InterceptedInvocation.proceed(InvocationInterceptorChain.java:106)\r\n\tat org.junit.jupiter.engine.execution.InvocationInterceptorChain.proceed(InvocationInterceptorChain.java:64)\r\n\tat org.junit.jupiter.engine.execution.InvocationInterceptorChain.chainAndInvoke(InvocationInterceptorChain.java:45)\r\n\tat org.junit.jupiter.engine.execution.InvocationInterceptorChain.invoke(InvocationInterceptorChain.java:37)\r\n\tat org.junit.jupiter.engine.execution.InterceptingExecutableInvoker.invoke(InterceptingExecutableInvoker.java:92)\r\n\tat org.junit.jupiter.engine.execution.InterceptingExecutableInvoker.invoke(InterceptingExecutableInvoker.java:86)\r\n\tat org.junit.jupiter.engine.descriptor.TestMethodTestDescriptor.lambda$invokeTestMethod$8(TestMethodTestDescriptor.java:217)\r\n\tat org.junit.platform.engine.support.hierarchical.ThrowableCollector.execute(ThrowableCollector.java:73)\r\n\tat org.junit.jupiter.engine.descriptor.TestMethodTestDescriptor.invokeTestMethod(TestMethodTestDescriptor.java:213)\r\n\tat org.junit.jupiter.engine.descriptor.TestMethodTestDescriptor.execute(TestMethodTestDescriptor.java:138)\r\n\tat org.junit.jupiter.engine.descriptor.TestMethodTestDescriptor.execute(TestMethodTestDescriptor.java:68)\r\n\tat org.junit.platform.engine.support.hierarchical.NodeTestTask.lambda$executeRecursively$6(NodeTestTask.java:156)\r\n\tat org.junit.platform.engine.support.hierarchical.ThrowableCollector.execute(ThrowableCollector.java:73)\r\n\tat org.junit.platform.engine.support.hierarchical.NodeTestTask.lambda$executeRecursively$8(NodeTestTask.java:146)\r\n\tat org.junit.platform.engine.support.hierarchical.Node.around(Node.java:137)\r\n\tat org.junit.platform.engine.support.hierarchical.NodeTestTask.lambda$executeRecursively$9(NodeTestTask.java:144)\r\n\tat org.junit.platform.engine.support.hierarchical.ThrowableCollector.execute(ThrowableCollector.java:73)\r\n\tat org.junit.platform.engine.support.hierarchical.NodeTestTask.executeRecursively(NodeTestTask.java:143)\r\n\tat org.junit.platform.engine.support.hierarchical.NodeTestTask.execute(NodeTestTask.java:100)\r\n\tat java.base/java.util.ArrayList.forEach(ArrayList.java:1604)\r\n\tat org.junit.platform.engine.support.hierarchical.SameThreadHierarchicalTestExecutorService.invokeAll(SameThreadHierarchicalTestExecutorService.java:41)\r\n\tat org.junit.platform.engine.support.hierarchical.NodeTestTask.lambda$executeRecursively$6(NodeTestTask.java:160)\r\n\tat org.junit.platform.engine.support.hierarchical.ThrowableCollector.execute(ThrowableCollector.java:73)\r\n\tat org.junit.platform.engine.support.hierarchical.NodeTestTask.lambda$executeRecursively$8(NodeTestTask.java:146)\r\n\tat org.junit.platform.engine.support.hierarchical.Node.around(Node.java:137)\r\n\tat org.junit.platform.engine.support.hierarchical.NodeTestTask.lambda$executeRecursively$9(NodeTestTask.java:144)\r\n\tat org.junit.platform.engine.support.hierarchical.ThrowableCollector.execute(ThrowableCollector.java:73)\r\n\tat org.junit.platform.engine.support.hierarchical.NodeTestTask.executeRecursively(NodeTestTask.java:143)\r\n\tat org.junit.platform.engine.support.hierarchical.NodeTestTask.execute(NodeTestTask.java:100)\r\n\tat java.base/java.util.ArrayList.forEach(ArrayList.java:1604)\r\n\tat org.junit.platform.engine.support.hierarchical.SameThreadHierarchicalTestExecutorService.invokeAll(SameThreadHierarchicalTestExecutorService.java:41)\r\n\tat org.junit.platform.engine.support.hierarchical.NodeTestTask.lambda$executeRecursively$6(NodeTestTask.java:160)\r\n\tat org.junit.platform.engine.support.hierarchical.ThrowableCollector.execute(ThrowableCollector.java:73)\r\n\tat org.junit.platform.engine.support.hierarchical.NodeTestTask.lambda$executeRecursively$8(NodeTestTask.java:146)\r\n\tat org.junit.platform.engine.support.hierarchical.Node.around(Node.java:137)\r\n\tat org.junit.platform.engine.support.hierarchical.NodeTestTask.lambda$executeRecursively$9(NodeTestTask.java:144)\r\n\tat org.junit.platform.engine.support.hierarchical.ThrowableCollector.execute(ThrowableCollector.java:73)\r\n\tat org.junit.platform.engine.support.hierarchical.NodeTestTask.executeRecursively(NodeTestTask.java:143)\r\n\tat org.junit.platform.engine.support.hierarchical.NodeTestTask.execute(NodeTestTask.java:100)\r\n\tat org.junit.platform.engine.support.hierarchical.SameThreadHierarchicalTestExecutorService.submit(SameThreadHierarchicalTestExecutorService.java:35)\r\n\tat org.junit.platform.engine.support.hierarchical.HierarchicalTestExecutor.execute(HierarchicalTestExecutor.java:57)\r\n\tat org.junit.platform.engine.support.hierarchical.HierarchicalTestEngine.execute(HierarchicalTestEngine.java:54)\r\n\tat org.junit.platform.launcher.core.DefaultLauncher.execute(DefaultLauncher.java:248)\r\n\tat org.junit.platform.launcher.core.DefaultLauncher.lambda$execute$5(DefaultLauncher.java:211)\r\n\tat org.junit.platform.launcher.core.DefaultLauncher.withInterceptedStreams(DefaultLauncher.java:226)\r\n\tat org.junit.platform.launcher.core.DefaultLauncher.execute(DefaultLauncher.java:199)\r\n\tat org.junit.platform.launcher.core.DefaultLauncher.execute(DefaultLauncher.java:132)\r\n\tat org.apache.maven.surefire.junitplatform.JUnitPlatformProvider.execute(JUnitPlatformProvider.java:188)\r\n\tat org.apache.maven.surefire.junitplatform.JUnitPlatformProvider.invokeAllTests(JUnitPlatformProvider.java:154)\r\n\tat org.apache.maven.surefire.junitplatform.JUnitPlatformProvider.invoke(JUnitPlatformProvider.java:128)\r\n\tat org.apache.maven.surefire.booter.ForkedBooter.runSuitesInProcess(ForkedBooter.java:428)\r\n\tat org.apache.maven.surefire.booter.ForkedBooter.execute(ForkedBooter.java:162)\r\n\tat org.apache.maven.surefire.booter.ForkedBooter.run(ForkedBooter.java:562)\r\n\tat org.apache.maven.surefire.booter.ForkedBooter.main(ForkedBooter.java:548)\r\n"},"fields":{},"attachments":[],"steps":[],"params":{},"paramGroups":[],"relations":{"suite":{"data":[{"title":"com.qa.nal.SearchTests","publicId":0}]}},"muted":false,"message":"org.opentest4j.AssertionFailedError: Test failed for query: Circuit Pack Failed - Error {\n  message\u003d\u0027Target page, context or browser has been closed\n  name\u003d\u0027TargetClosedError\n  stack\u003d\u0027TargetClosedError: Target page, context or browser has been closed\n    at DispatcherConnection.dispatch (C:\\Users\\abhay\\AppData\\Local\\Temp\\playwright-java-6092977506892346887\\package\\lib\\server\\dispatchers\\dispatcher.js:244:69)\n    at transport.onmessage (C:\\Users\\abhay\\AppData\\Local\\Temp\\playwright-java-6092977506892346887\\package\\lib\\cli\\driver.js:53:59)\n    at Immediate._onImmediate (C:\\Users\\abhay\\AppData\\Local\\Temp\\playwright-java-6092977506892346887\\package\\lib\\server\\utils\\pipeTransport.js:76:16)\n    at process.processImmediate (node:internal/timers:491:21)\n}","ignore":false}
15:12:46.466 [main] INFO  i.q.c.reporters.TestopsReporter - See why this test failed: https://app.qase.io/run/SEARCH/dashboard/43?source=logs&status=%5B2%5D&search=6
]]></system-out>
    <system-err><![CDATA[Screenshot capture failed: Error {
  message='Target page, context or browser has been closed
  name='TargetClosedError
  stack='TargetClosedError: Target page, context or browser has been closed
    at DispatcherConnection.dispatch (C:\Users\abhay\AppData\Local\Temp\playwright-java-6092977506892346887\package\lib\server\dispatchers\dispatcher.js:244:69)
    at transport.onmessage (C:\Users\abhay\AppData\Local\Temp\playwright-java-6092977506892346887\package\lib\cli\driver.js:53:59)
    at Immediate._onImmediate (C:\Users\abhay\AppData\Local\Temp\playwright-java-6092977506892346887\package\lib\server\utils\pipeTransport.js:76:16)
    at process.processImmediate (node:internal/timers:491:21)
}
]]></system-err>
  </testcase>
  <testcase name="navigateToLogManangement" classname="com.qa.nal.SearchTests" time="0.019">
    <failure type="org.opentest4j.AssertionFailedError"><![CDATA[org.opentest4j.AssertionFailedError: 
Navigation to Log Management failed: Error {
  message='Target page, context or browser has been closed
  name='TargetClosedError
  stack='TargetClosedError: Target page, context or browser has been closed
    at DispatcherConnection.dispatch (C:\Users\abhay\AppData\Local\Temp\playwright-java-6092977506892346887\package\lib\server\dispatchers\dispatcher.js:244:69)
    at transport.onmessage (C:\Users\abhay\AppData\Local\Temp\playwright-java-6092977506892346887\package\lib\cli\driver.js:53:59)
    at Immediate._onImmediate (C:\Users\abhay\AppData\Local\Temp\playwright-java-6092977506892346887\package\lib\server\utils\pipeTransport.js:76:16)
    at process.processImmediate (node:internal/timers:491:21)
}
	at com.qa.nal.SearchTests.navigateToLogManangement(SearchTests.java:453)
]]></failure>
    <system-out><![CDATA[15:12:46.517 [main] ERROR com.qa.nal.SearchTests - Navigation to Log Management failed: Error {
  message='Target page, context or browser has been closed
  name='TargetClosedError
  stack='TargetClosedError: Target page, context or browser has been closed
    at DispatcherConnection.dispatch (C:\Users\abhay\AppData\Local\Temp\playwright-java-6092977506892346887\package\lib\server\dispatchers\dispatcher.js:244:69)
    at transport.onmessage (C:\Users\abhay\AppData\Local\Temp\playwright-java-6092977506892346887\package\lib\cli\driver.js:53:59)
    at Immediate._onImmediate (C:\Users\abhay\AppData\Local\Temp\playwright-java-6092977506892346887\package\lib\server\utils\pipeTransport.js:76:16)
    at process.processImmediate (node:internal/timers:491:21)
}
15:12:46.519 [main] INFO  i.q.commons.reporters.CoreReporter - Adding result: {"id":"29e57577-6b79-4eda-bb12-bc47d30b0f47","title":"Navigate to Log Management","signature":"com:qa:nal::searchtests.java::searchtests::navigatetologmanangement::7","testopsId":7,"execution":{"startTime":1750239766510,"status":"FAILED","endTime":1750239766519,"duration":9,"stacktrace":"org.opentest4j.AssertionFailedError: Navigation to Log Management failed: Error {\n  message\u003d\u0027Target page, context or browser has been closed\n  name\u003d\u0027TargetClosedError\n  stack\u003d\u0027TargetClosedError: Target page, context or browser has been closed\n    at DispatcherConnection.dispatch (C:\\Users\\abhay\\AppData\\Local\\Temp\\playwright-java-6092977506892346887\\package\\lib\\server\\dispatchers\\dispatcher.js:244:69)\n    at transport.onmessage (C:\\Users\\abhay\\AppData\\Local\\Temp\\playwright-java-6092977506892346887\\package\\lib\\cli\\driver.js:53:59)\n    at Immediate._onImmediate (C:\\Users\\abhay\\AppData\\Local\\Temp\\playwright-java-6092977506892346887\\package\\lib\\server\\utils\\pipeTransport.js:76:16)\n    at process.processImmediate (node:internal/timers:491:21)\n}\r\n\tat org.junit.jupiter.api.AssertionUtils.fail(AssertionUtils.java:38)\r\n\tat org.junit.jupiter.api.Assertions.fail(Assertions.java:138)\r\n\tat com.qa.nal.SearchTests.navigateToLogManangement(SearchTests.java:453)\r\n\tat java.base/jdk.internal.reflect.DirectMethodHandleAccessor.invoke(DirectMethodHandleAccessor.java:104)\r\n\tat java.base/java.lang.reflect.Method.invoke(Method.java:565)\r\n\tat org.junit.platform.commons.util.ReflectionUtils.invokeMethod(ReflectionUtils.java:766)\r\n\tat org.junit.jupiter.engine.execution.MethodInvocation.proceed(MethodInvocation.java:60)\r\n\tat org.junit.jupiter.engine.execution.InvocationInterceptorChain$ValidatingInvocation.proceed(InvocationInterceptorChain.java:131)\r\n\tat io.qase.junit5.QaseListener.interceptTestMethod(QaseListener.java:67)\r\n\tat org.junit.jupiter.engine.execution.InterceptingExecutableInvoker$ReflectiveInterceptorCall.lambda$ofVoidMethod$0(InterceptingExecutableInvoker.java:103)\r\n\tat org.junit.jupiter.engine.execution.InterceptingExecutableInvoker.lambda$invoke$0(InterceptingExecutableInvoker.java:93)\r\n\tat org.junit.jupiter.engine.execution.InvocationInterceptorChain$InterceptedInvocation.proceed(InvocationInterceptorChain.java:106)\r\n\tat org.junit.jupiter.engine.extension.TimeoutExtension.intercept(TimeoutExtension.java:156)\r\n\tat org.junit.jupiter.engine.extension.TimeoutExtension.interceptTestableMethod(TimeoutExtension.java:147)\r\n\tat org.junit.jupiter.engine.extension.TimeoutExtension.interceptTestMethod(TimeoutExtension.java:86)\r\n\tat org.junit.jupiter.engine.execution.InterceptingExecutableInvoker$ReflectiveInterceptorCall.lambda$ofVoidMethod$0(InterceptingExecutableInvoker.java:103)\r\n\tat org.junit.jupiter.engine.execution.InterceptingExecutableInvoker.lambda$invoke$0(InterceptingExecutableInvoker.java:93)\r\n\tat org.junit.jupiter.engine.execution.InvocationInterceptorChain$InterceptedInvocation.proceed(InvocationInterceptorChain.java:106)\r\n\tat org.junit.jupiter.engine.execution.InvocationInterceptorChain.proceed(InvocationInterceptorChain.java:64)\r\n\tat org.junit.jupiter.engine.execution.InvocationInterceptorChain.chainAndInvoke(InvocationInterceptorChain.java:45)\r\n\tat org.junit.jupiter.engine.execution.InvocationInterceptorChain.invoke(InvocationInterceptorChain.java:37)\r\n\tat org.junit.jupiter.engine.execution.InterceptingExecutableInvoker.invoke(InterceptingExecutableInvoker.java:92)\r\n\tat org.junit.jupiter.engine.execution.InterceptingExecutableInvoker.invoke(InterceptingExecutableInvoker.java:86)\r\n\tat org.junit.jupiter.engine.descriptor.TestMethodTestDescriptor.lambda$invokeTestMethod$8(TestMethodTestDescriptor.java:217)\r\n\tat org.junit.platform.engine.support.hierarchical.ThrowableCollector.execute(ThrowableCollector.java:73)\r\n\tat org.junit.jupiter.engine.descriptor.TestMethodTestDescriptor.invokeTestMethod(TestMethodTestDescriptor.java:213)\r\n\tat org.junit.jupiter.engine.descriptor.TestMethodTestDescriptor.execute(TestMethodTestDescriptor.java:138)\r\n\tat org.junit.jupiter.engine.descriptor.TestMethodTestDescriptor.execute(TestMethodTestDescriptor.java:68)\r\n\tat org.junit.platform.engine.support.hierarchical.NodeTestTask.lambda$executeRecursively$6(NodeTestTask.java:156)\r\n\tat org.junit.platform.engine.support.hierarchical.ThrowableCollector.execute(ThrowableCollector.java:73)\r\n\tat org.junit.platform.engine.support.hierarchical.NodeTestTask.lambda$executeRecursively$8(NodeTestTask.java:146)\r\n\tat org.junit.platform.engine.support.hierarchical.Node.around(Node.java:137)\r\n\tat org.junit.platform.engine.support.hierarchical.NodeTestTask.lambda$executeRecursively$9(NodeTestTask.java:144)\r\n\tat org.junit.platform.engine.support.hierarchical.ThrowableCollector.execute(ThrowableCollector.java:73)\r\n\tat org.junit.platform.engine.support.hierarchical.NodeTestTask.executeRecursively(NodeTestTask.java:143)\r\n\tat org.junit.platform.engine.support.hierarchical.NodeTestTask.execute(NodeTestTask.java:100)\r\n\tat java.base/java.util.ArrayList.forEach(ArrayList.java:1604)\r\n\tat org.junit.platform.engine.support.hierarchical.SameThreadHierarchicalTestExecutorService.invokeAll(SameThreadHierarchicalTestExecutorService.java:41)\r\n\tat org.junit.platform.engine.support.hierarchical.NodeTestTask.lambda$executeRecursively$6(NodeTestTask.java:160)\r\n\tat org.junit.platform.engine.support.hierarchical.ThrowableCollector.execute(ThrowableCollector.java:73)\r\n\tat org.junit.platform.engine.support.hierarchical.NodeTestTask.lambda$executeRecursively$8(NodeTestTask.java:146)\r\n\tat org.junit.platform.engine.support.hierarchical.Node.around(Node.java:137)\r\n\tat org.junit.platform.engine.support.hierarchical.NodeTestTask.lambda$executeRecursively$9(NodeTestTask.java:144)\r\n\tat org.junit.platform.engine.support.hierarchical.ThrowableCollector.execute(ThrowableCollector.java:73)\r\n\tat org.junit.platform.engine.support.hierarchical.NodeTestTask.executeRecursively(NodeTestTask.java:143)\r\n\tat org.junit.platform.engine.support.hierarchical.NodeTestTask.execute(NodeTestTask.java:100)\r\n\tat java.base/java.util.ArrayList.forEach(ArrayList.java:1604)\r\n\tat org.junit.platform.engine.support.hierarchical.SameThreadHierarchicalTestExecutorService.invokeAll(SameThreadHierarchicalTestExecutorService.java:41)\r\n\tat org.junit.platform.engine.support.hierarchical.NodeTestTask.lambda$executeRecursively$6(NodeTestTask.java:160)\r\n\tat org.junit.platform.engine.support.hierarchical.ThrowableCollector.execute(ThrowableCollector.java:73)\r\n\tat org.junit.platform.engine.support.hierarchical.NodeTestTask.lambda$executeRecursively$8(NodeTestTask.java:146)\r\n\tat org.junit.platform.engine.support.hierarchical.Node.around(Node.java:137)\r\n\tat org.junit.platform.engine.support.hierarchical.NodeTestTask.lambda$executeRecursively$9(NodeTestTask.java:144)\r\n\tat org.junit.platform.engine.support.hierarchical.ThrowableCollector.execute(ThrowableCollector.java:73)\r\n\tat org.junit.platform.engine.support.hierarchical.NodeTestTask.executeRecursively(NodeTestTask.java:143)\r\n\tat org.junit.platform.engine.support.hierarchical.NodeTestTask.execute(NodeTestTask.java:100)\r\n\tat org.junit.platform.engine.support.hierarchical.SameThreadHierarchicalTestExecutorService.submit(SameThreadHierarchicalTestExecutorService.java:35)\r\n\tat org.junit.platform.engine.support.hierarchical.HierarchicalTestExecutor.execute(HierarchicalTestExecutor.java:57)\r\n\tat org.junit.platform.engine.support.hierarchical.HierarchicalTestEngine.execute(HierarchicalTestEngine.java:54)\r\n\tat org.junit.platform.launcher.core.DefaultLauncher.execute(DefaultLauncher.java:248)\r\n\tat org.junit.platform.launcher.core.DefaultLauncher.lambda$execute$5(DefaultLauncher.java:211)\r\n\tat org.junit.platform.launcher.core.DefaultLauncher.withInterceptedStreams(DefaultLauncher.java:226)\r\n\tat org.junit.platform.launcher.core.DefaultLauncher.execute(DefaultLauncher.java:199)\r\n\tat org.junit.platform.launcher.core.DefaultLauncher.execute(DefaultLauncher.java:132)\r\n\tat org.apache.maven.surefire.junitplatform.JUnitPlatformProvider.execute(JUnitPlatformProvider.java:188)\r\n\tat org.apache.maven.surefire.junitplatform.JUnitPlatformProvider.invokeAllTests(JUnitPlatformProvider.java:154)\r\n\tat org.apache.maven.surefire.junitplatform.JUnitPlatformProvider.invoke(JUnitPlatformProvider.java:128)\r\n\tat org.apache.maven.surefire.booter.ForkedBooter.runSuitesInProcess(ForkedBooter.java:428)\r\n\tat org.apache.maven.surefire.booter.ForkedBooter.execute(ForkedBooter.java:162)\r\n\tat org.apache.maven.surefire.booter.ForkedBooter.run(ForkedBooter.java:562)\r\n\tat org.apache.maven.surefire.booter.ForkedBooter.main(ForkedBooter.java:548)\r\n"},"fields":{},"attachments":[],"steps":[],"params":{},"paramGroups":[],"relations":{"suite":{"data":[{"title":"com.qa.nal.SearchTests","publicId":0}]}},"muted":false,"message":"org.opentest4j.AssertionFailedError: Navigation to Log Management failed: Error {\n  message\u003d\u0027Target page, context or browser has been closed\n  name\u003d\u0027TargetClosedError\n  stack\u003d\u0027TargetClosedError: Target page, context or browser has been closed\n    at DispatcherConnection.dispatch (C:\\Users\\abhay\\AppData\\Local\\Temp\\playwright-java-6092977506892346887\\package\\lib\\server\\dispatchers\\dispatcher.js:244:69)\n    at transport.onmessage (C:\\Users\\abhay\\AppData\\Local\\Temp\\playwright-java-6092977506892346887\\package\\lib\\cli\\driver.js:53:59)\n    at Immediate._onImmediate (C:\\Users\\abhay\\AppData\\Local\\Temp\\playwright-java-6092977506892346887\\package\\lib\\server\\utils\\pipeTransport.js:76:16)\n    at process.processImmediate (node:internal/timers:491:21)\n}","ignore":false}
15:12:46.520 [main] INFO  i.q.c.reporters.TestopsReporter - See why this test failed: https://app.qase.io/run/SEARCH/dashboard/43?source=logs&status=%5B2%5D&search=7
]]></system-out>
    <system-err><![CDATA[Screenshot capture failed: Error {
  message='Target page, context or browser has been closed
  name='TargetClosedError
  stack='TargetClosedError: Target page, context or browser has been closed
    at DispatcherConnection.dispatch (C:\Users\abhay\AppData\Local\Temp\playwright-java-6092977506892346887\package\lib\server\dispatchers\dispatcher.js:244:69)
    at transport.onmessage (C:\Users\abhay\AppData\Local\Temp\playwright-java-6092977506892346887\package\lib\cli\driver.js:53:59)
    at Immediate._onImmediate (C:\Users\abhay\AppData\Local\Temp\playwright-java-6092977506892346887\package\lib\server\utils\pipeTransport.js:76:16)
    at process.processImmediate (node:internal/timers:491:21)
}
]]></system-err>
  </testcase>
  <testcase name="manageLogs" classname="com.qa.nal.SearchTests" time="0.046">
    <failure type="org.opentest4j.AssertionFailedError"><![CDATA[org.opentest4j.AssertionFailedError: 
Log verification failed: Error {
  message='Target page, context or browser has been closed
  name='TargetClosedError
  stack='TargetClosedError: Target page, context or browser has been closed
    at DispatcherConnection.dispatch (C:\Users\abhay\AppData\Local\Temp\playwright-java-6092977506892346887\package\lib\server\dispatchers\dispatcher.js:244:69)
    at transport.onmessage (C:\Users\abhay\AppData\Local\Temp\playwright-java-6092977506892346887\package\lib\cli\driver.js:53:59)
    at Immediate._onImmediate (C:\Users\abhay\AppData\Local\Temp\playwright-java-6092977506892346887\package\lib\server\utils\pipeTransport.js:76:16)
    at process.processImmediate (node:internal/timers:491:21)
}
	at com.qa.nal.SearchTests.manageLogs(SearchTests.java:491)
]]></failure>
    <system-out><![CDATA[15:12:46.562 [main] INFO  i.q.commons.reporters.CoreReporter - Adding result: {"id":"8548d049-3624-4ba5-a5ed-9c3c87f79b43","title":"Create New KB","signature":"com:qa:nal::searchtests.java::searchtests::managelogs::8","testopsId":8,"execution":{"startTime":1750239766527,"status":"FAILED","endTime":1750239766562,"duration":35,"stacktrace":"org.opentest4j.AssertionFailedError: Log verification failed: Error {\n  message\u003d\u0027Target page, context or browser has been closed\n  name\u003d\u0027TargetClosedError\n  stack\u003d\u0027TargetClosedError: Target page, context or browser has been closed\n    at DispatcherConnection.dispatch (C:\\Users\\abhay\\AppData\\Local\\Temp\\playwright-java-6092977506892346887\\package\\lib\\server\\dispatchers\\dispatcher.js:244:69)\n    at transport.onmessage (C:\\Users\\abhay\\AppData\\Local\\Temp\\playwright-java-6092977506892346887\\package\\lib\\cli\\driver.js:53:59)\n    at Immediate._onImmediate (C:\\Users\\abhay\\AppData\\Local\\Temp\\playwright-java-6092977506892346887\\package\\lib\\server\\utils\\pipeTransport.js:76:16)\n    at process.processImmediate (node:internal/timers:491:21)\n}\r\n\tat org.junit.jupiter.api.AssertionUtils.fail(AssertionUtils.java:38)\r\n\tat org.junit.jupiter.api.Assertions.fail(Assertions.java:138)\r\n\tat com.qa.nal.SearchTests.manageLogs(SearchTests.java:491)\r\n\tat java.base/jdk.internal.reflect.DirectMethodHandleAccessor.invoke(DirectMethodHandleAccessor.java:104)\r\n\tat java.base/java.lang.reflect.Method.invoke(Method.java:565)\r\n\tat org.junit.platform.commons.util.ReflectionUtils.invokeMethod(ReflectionUtils.java:766)\r\n\tat org.junit.jupiter.engine.execution.MethodInvocation.proceed(MethodInvocation.java:60)\r\n\tat org.junit.jupiter.engine.execution.InvocationInterceptorChain$ValidatingInvocation.proceed(InvocationInterceptorChain.java:131)\r\n\tat io.qase.junit5.QaseListener.interceptTestMethod(QaseListener.java:67)\r\n\tat org.junit.jupiter.engine.execution.InterceptingExecutableInvoker$ReflectiveInterceptorCall.lambda$ofVoidMethod$0(InterceptingExecutableInvoker.java:103)\r\n\tat org.junit.jupiter.engine.execution.InterceptingExecutableInvoker.lambda$invoke$0(InterceptingExecutableInvoker.java:93)\r\n\tat org.junit.jupiter.engine.execution.InvocationInterceptorChain$InterceptedInvocation.proceed(InvocationInterceptorChain.java:106)\r\n\tat org.junit.jupiter.engine.extension.TimeoutExtension.intercept(TimeoutExtension.java:156)\r\n\tat org.junit.jupiter.engine.extension.TimeoutExtension.interceptTestableMethod(TimeoutExtension.java:147)\r\n\tat org.junit.jupiter.engine.extension.TimeoutExtension.interceptTestMethod(TimeoutExtension.java:86)\r\n\tat org.junit.jupiter.engine.execution.InterceptingExecutableInvoker$ReflectiveInterceptorCall.lambda$ofVoidMethod$0(InterceptingExecutableInvoker.java:103)\r\n\tat org.junit.jupiter.engine.execution.InterceptingExecutableInvoker.lambda$invoke$0(InterceptingExecutableInvoker.java:93)\r\n\tat org.junit.jupiter.engine.execution.InvocationInterceptorChain$InterceptedInvocation.proceed(InvocationInterceptorChain.java:106)\r\n\tat org.junit.jupiter.engine.execution.InvocationInterceptorChain.proceed(InvocationInterceptorChain.java:64)\r\n\tat org.junit.jupiter.engine.execution.InvocationInterceptorChain.chainAndInvoke(InvocationInterceptorChain.java:45)\r\n\tat org.junit.jupiter.engine.execution.InvocationInterceptorChain.invoke(InvocationInterceptorChain.java:37)\r\n\tat org.junit.jupiter.engine.execution.InterceptingExecutableInvoker.invoke(InterceptingExecutableInvoker.java:92)\r\n\tat org.junit.jupiter.engine.execution.InterceptingExecutableInvoker.invoke(InterceptingExecutableInvoker.java:86)\r\n\tat org.junit.jupiter.engine.descriptor.TestMethodTestDescriptor.lambda$invokeTestMethod$8(TestMethodTestDescriptor.java:217)\r\n\tat org.junit.platform.engine.support.hierarchical.ThrowableCollector.execute(ThrowableCollector.java:73)\r\n\tat org.junit.jupiter.engine.descriptor.TestMethodTestDescriptor.invokeTestMethod(TestMethodTestDescriptor.java:213)\r\n\tat org.junit.jupiter.engine.descriptor.TestMethodTestDescriptor.execute(TestMethodTestDescriptor.java:138)\r\n\tat org.junit.jupiter.engine.descriptor.TestMethodTestDescriptor.execute(TestMethodTestDescriptor.java:68)\r\n\tat org.junit.platform.engine.support.hierarchical.NodeTestTask.lambda$executeRecursively$6(NodeTestTask.java:156)\r\n\tat org.junit.platform.engine.support.hierarchical.ThrowableCollector.execute(ThrowableCollector.java:73)\r\n\tat org.junit.platform.engine.support.hierarchical.NodeTestTask.lambda$executeRecursively$8(NodeTestTask.java:146)\r\n\tat org.junit.platform.engine.support.hierarchical.Node.around(Node.java:137)\r\n\tat org.junit.platform.engine.support.hierarchical.NodeTestTask.lambda$executeRecursively$9(NodeTestTask.java:144)\r\n\tat org.junit.platform.engine.support.hierarchical.ThrowableCollector.execute(ThrowableCollector.java:73)\r\n\tat org.junit.platform.engine.support.hierarchical.NodeTestTask.executeRecursively(NodeTestTask.java:143)\r\n\tat org.junit.platform.engine.support.hierarchical.NodeTestTask.execute(NodeTestTask.java:100)\r\n\tat java.base/java.util.ArrayList.forEach(ArrayList.java:1604)\r\n\tat org.junit.platform.engine.support.hierarchical.SameThreadHierarchicalTestExecutorService.invokeAll(SameThreadHierarchicalTestExecutorService.java:41)\r\n\tat org.junit.platform.engine.support.hierarchical.NodeTestTask.lambda$executeRecursively$6(NodeTestTask.java:160)\r\n\tat org.junit.platform.engine.support.hierarchical.ThrowableCollector.execute(ThrowableCollector.java:73)\r\n\tat org.junit.platform.engine.support.hierarchical.NodeTestTask.lambda$executeRecursively$8(NodeTestTask.java:146)\r\n\tat org.junit.platform.engine.support.hierarchical.Node.around(Node.java:137)\r\n\tat org.junit.platform.engine.support.hierarchical.NodeTestTask.lambda$executeRecursively$9(NodeTestTask.java:144)\r\n\tat org.junit.platform.engine.support.hierarchical.ThrowableCollector.execute(ThrowableCollector.java:73)\r\n\tat org.junit.platform.engine.support.hierarchical.NodeTestTask.executeRecursively(NodeTestTask.java:143)\r\n\tat org.junit.platform.engine.support.hierarchical.NodeTestTask.execute(NodeTestTask.java:100)\r\n\tat java.base/java.util.ArrayList.forEach(ArrayList.java:1604)\r\n\tat org.junit.platform.engine.support.hierarchical.SameThreadHierarchicalTestExecutorService.invokeAll(SameThreadHierarchicalTestExecutorService.java:41)\r\n\tat org.junit.platform.engine.support.hierarchical.NodeTestTask.lambda$executeRecursively$6(NodeTestTask.java:160)\r\n\tat org.junit.platform.engine.support.hierarchical.ThrowableCollector.execute(ThrowableCollector.java:73)\r\n\tat org.junit.platform.engine.support.hierarchical.NodeTestTask.lambda$executeRecursively$8(NodeTestTask.java:146)\r\n\tat org.junit.platform.engine.support.hierarchical.Node.around(Node.java:137)\r\n\tat org.junit.platform.engine.support.hierarchical.NodeTestTask.lambda$executeRecursively$9(NodeTestTask.java:144)\r\n\tat org.junit.platform.engine.support.hierarchical.ThrowableCollector.execute(ThrowableCollector.java:73)\r\n\tat org.junit.platform.engine.support.hierarchical.NodeTestTask.executeRecursively(NodeTestTask.java:143)\r\n\tat org.junit.platform.engine.support.hierarchical.NodeTestTask.execute(NodeTestTask.java:100)\r\n\tat org.junit.platform.engine.support.hierarchical.SameThreadHierarchicalTestExecutorService.submit(SameThreadHierarchicalTestExecutorService.java:35)\r\n\tat org.junit.platform.engine.support.hierarchical.HierarchicalTestExecutor.execute(HierarchicalTestExecutor.java:57)\r\n\tat org.junit.platform.engine.support.hierarchical.HierarchicalTestEngine.execute(HierarchicalTestEngine.java:54)\r\n\tat org.junit.platform.launcher.core.DefaultLauncher.execute(DefaultLauncher.java:248)\r\n\tat org.junit.platform.launcher.core.DefaultLauncher.lambda$execute$5(DefaultLauncher.java:211)\r\n\tat org.junit.platform.launcher.core.DefaultLauncher.withInterceptedStreams(DefaultLauncher.java:226)\r\n\tat org.junit.platform.launcher.core.DefaultLauncher.execute(DefaultLauncher.java:199)\r\n\tat org.junit.platform.launcher.core.DefaultLauncher.execute(DefaultLauncher.java:132)\r\n\tat org.apache.maven.surefire.junitplatform.JUnitPlatformProvider.execute(JUnitPlatformProvider.java:188)\r\n\tat org.apache.maven.surefire.junitplatform.JUnitPlatformProvider.invokeAllTests(JUnitPlatformProvider.java:154)\r\n\tat org.apache.maven.surefire.junitplatform.JUnitPlatformProvider.invoke(JUnitPlatformProvider.java:128)\r\n\tat org.apache.maven.surefire.booter.ForkedBooter.runSuitesInProcess(ForkedBooter.java:428)\r\n\tat org.apache.maven.surefire.booter.ForkedBooter.execute(ForkedBooter.java:162)\r\n\tat org.apache.maven.surefire.booter.ForkedBooter.run(ForkedBooter.java:562)\r\n\tat org.apache.maven.surefire.booter.ForkedBooter.main(ForkedBooter.java:548)\r\n"},"fields":{},"attachments":[],"steps":[],"params":{},"paramGroups":[],"relations":{"suite":{"data":[{"title":"com.qa.nal.SearchTests","publicId":0}]}},"muted":false,"message":"org.opentest4j.AssertionFailedError: Log verification failed: Error {\n  message\u003d\u0027Target page, context or browser has been closed\n  name\u003d\u0027TargetClosedError\n  stack\u003d\u0027TargetClosedError: Target page, context or browser has been closed\n    at DispatcherConnection.dispatch (C:\\Users\\abhay\\AppData\\Local\\Temp\\playwright-java-6092977506892346887\\package\\lib\\server\\dispatchers\\dispatcher.js:244:69)\n    at transport.onmessage (C:\\Users\\abhay\\AppData\\Local\\Temp\\playwright-java-6092977506892346887\\package\\lib\\cli\\driver.js:53:59)\n    at Immediate._onImmediate (C:\\Users\\abhay\\AppData\\Local\\Temp\\playwright-java-6092977506892346887\\package\\lib\\server\\utils\\pipeTransport.js:76:16)\n    at process.processImmediate (node:internal/timers:491:21)\n}","ignore":false}
15:12:46.570 [main] INFO  i.q.c.reporters.TestopsReporter - See why this test failed: https://app.qase.io/run/SEARCH/dashboard/43?source=logs&status=%5B2%5D&search=8
]]></system-out>
    <system-err><![CDATA[Screenshot capture failed: Error {
  message='Target page, context or browser has been closed
  name='TargetClosedError
  stack='TargetClosedError: Target page, context or browser has been closed
    at DispatcherConnection.dispatch (C:\Users\abhay\AppData\Local\Temp\playwright-java-6092977506892346887\package\lib\server\dispatchers\dispatcher.js:244:69)
    at transport.onmessage (C:\Users\abhay\AppData\Local\Temp\playwright-java-6092977506892346887\package\lib\cli\driver.js:53:59)
    at Immediate._onImmediate (C:\Users\abhay\AppData\Local\Temp\playwright-java-6092977506892346887\package\lib\server\utils\pipeTransport.js:76:16)
    at process.processImmediate (node:internal/timers:491:21)
}
]]></system-err>
  </testcase>
  <testcase name="navigateSelfServiceIntelligentSearch" classname="com.qa.nal.SearchTests" time="0.017">
    <failure type="org.opentest4j.AssertionFailedError"><![CDATA[org.opentest4j.AssertionFailedError: 
Navigation to Self Service Intelligent Search failed: Error {
  message='Target page, context or browser has been closed
  name='TargetClosedError
  stack='TargetClosedError: Target page, context or browser has been closed
    at DispatcherConnection.dispatch (C:\Users\abhay\AppData\Local\Temp\playwright-java-6092977506892346887\package\lib\server\dispatchers\dispatcher.js:244:69)
    at transport.onmessage (C:\Users\abhay\AppData\Local\Temp\playwright-java-6092977506892346887\package\lib\cli\driver.js:53:59)
    at Immediate._onImmediate (C:\Users\abhay\AppData\Local\Temp\playwright-java-6092977506892346887\package\lib\server\utils\pipeTransport.js:76:16)
    at process.processImmediate (node:internal/timers:491:21)
}
	at com.qa.nal.SearchTests.navigateSelfServiceIntelligentSearch(SearchTests.java:521)
]]></failure>
    <system-out><![CDATA[15:12:46.587 [main] ERROR com.qa.nal.SearchTests - Navigation to Self Service Intelligent Search failed: Error {
  message='Target page, context or browser has been closed
  name='TargetClosedError
  stack='TargetClosedError: Target page, context or browser has been closed
    at DispatcherConnection.dispatch (C:\Users\abhay\AppData\Local\Temp\playwright-java-6092977506892346887\package\lib\server\dispatchers\dispatcher.js:244:69)
    at transport.onmessage (C:\Users\abhay\AppData\Local\Temp\playwright-java-6092977506892346887\package\lib\cli\driver.js:53:59)
    at Immediate._onImmediate (C:\Users\abhay\AppData\Local\Temp\playwright-java-6092977506892346887\package\lib\server\utils\pipeTransport.js:76:16)
    at process.processImmediate (node:internal/timers:491:21)
}
15:12:46.591 [main] INFO  i.q.commons.reporters.CoreReporter - Adding result: {"id":"7b005b4c-8c12-45e0-991a-80f15ceef23f","title":"Navigate to Self Service Intelligent Search","signature":"com:qa:nal::searchtests.java::searchtests::navigateselfserviceintelligentsearch::9","testopsId":9,"execution":{"startTime":1750239766582,"status":"FAILED","endTime":1750239766591,"duration":9,"stacktrace":"org.opentest4j.AssertionFailedError: Navigation to Self Service Intelligent Search failed: Error {\n  message\u003d\u0027Target page, context or browser has been closed\n  name\u003d\u0027TargetClosedError\n  stack\u003d\u0027TargetClosedError: Target page, context or browser has been closed\n    at DispatcherConnection.dispatch (C:\\Users\\abhay\\AppData\\Local\\Temp\\playwright-java-6092977506892346887\\package\\lib\\server\\dispatchers\\dispatcher.js:244:69)\n    at transport.onmessage (C:\\Users\\abhay\\AppData\\Local\\Temp\\playwright-java-6092977506892346887\\package\\lib\\cli\\driver.js:53:59)\n    at Immediate._onImmediate (C:\\Users\\abhay\\AppData\\Local\\Temp\\playwright-java-6092977506892346887\\package\\lib\\server\\utils\\pipeTransport.js:76:16)\n    at process.processImmediate (node:internal/timers:491:21)\n}\r\n\tat org.junit.jupiter.api.AssertionUtils.fail(AssertionUtils.java:38)\r\n\tat org.junit.jupiter.api.Assertions.fail(Assertions.java:138)\r\n\tat com.qa.nal.SearchTests.navigateSelfServiceIntelligentSearch(SearchTests.java:521)\r\n\tat java.base/jdk.internal.reflect.DirectMethodHandleAccessor.invoke(DirectMethodHandleAccessor.java:104)\r\n\tat java.base/java.lang.reflect.Method.invoke(Method.java:565)\r\n\tat org.junit.platform.commons.util.ReflectionUtils.invokeMethod(ReflectionUtils.java:766)\r\n\tat org.junit.jupiter.engine.execution.MethodInvocation.proceed(MethodInvocation.java:60)\r\n\tat org.junit.jupiter.engine.execution.InvocationInterceptorChain$ValidatingInvocation.proceed(InvocationInterceptorChain.java:131)\r\n\tat io.qase.junit5.QaseListener.interceptTestMethod(QaseListener.java:67)\r\n\tat org.junit.jupiter.engine.execution.InterceptingExecutableInvoker$ReflectiveInterceptorCall.lambda$ofVoidMethod$0(InterceptingExecutableInvoker.java:103)\r\n\tat org.junit.jupiter.engine.execution.InterceptingExecutableInvoker.lambda$invoke$0(InterceptingExecutableInvoker.java:93)\r\n\tat org.junit.jupiter.engine.execution.InvocationInterceptorChain$InterceptedInvocation.proceed(InvocationInterceptorChain.java:106)\r\n\tat org.junit.jupiter.engine.extension.TimeoutExtension.intercept(TimeoutExtension.java:156)\r\n\tat org.junit.jupiter.engine.extension.TimeoutExtension.interceptTestableMethod(TimeoutExtension.java:147)\r\n\tat org.junit.jupiter.engine.extension.TimeoutExtension.interceptTestMethod(TimeoutExtension.java:86)\r\n\tat org.junit.jupiter.engine.execution.InterceptingExecutableInvoker$ReflectiveInterceptorCall.lambda$ofVoidMethod$0(InterceptingExecutableInvoker.java:103)\r\n\tat org.junit.jupiter.engine.execution.InterceptingExecutableInvoker.lambda$invoke$0(InterceptingExecutableInvoker.java:93)\r\n\tat org.junit.jupiter.engine.execution.InvocationInterceptorChain$InterceptedInvocation.proceed(InvocationInterceptorChain.java:106)\r\n\tat org.junit.jupiter.engine.execution.InvocationInterceptorChain.proceed(InvocationInterceptorChain.java:64)\r\n\tat org.junit.jupiter.engine.execution.InvocationInterceptorChain.chainAndInvoke(InvocationInterceptorChain.java:45)\r\n\tat org.junit.jupiter.engine.execution.InvocationInterceptorChain.invoke(InvocationInterceptorChain.java:37)\r\n\tat org.junit.jupiter.engine.execution.InterceptingExecutableInvoker.invoke(InterceptingExecutableInvoker.java:92)\r\n\tat org.junit.jupiter.engine.execution.InterceptingExecutableInvoker.invoke(InterceptingExecutableInvoker.java:86)\r\n\tat org.junit.jupiter.engine.descriptor.TestMethodTestDescriptor.lambda$invokeTestMethod$8(TestMethodTestDescriptor.java:217)\r\n\tat org.junit.platform.engine.support.hierarchical.ThrowableCollector.execute(ThrowableCollector.java:73)\r\n\tat org.junit.jupiter.engine.descriptor.TestMethodTestDescriptor.invokeTestMethod(TestMethodTestDescriptor.java:213)\r\n\tat org.junit.jupiter.engine.descriptor.TestMethodTestDescriptor.execute(TestMethodTestDescriptor.java:138)\r\n\tat org.junit.jupiter.engine.descriptor.TestMethodTestDescriptor.execute(TestMethodTestDescriptor.java:68)\r\n\tat org.junit.platform.engine.support.hierarchical.NodeTestTask.lambda$executeRecursively$6(NodeTestTask.java:156)\r\n\tat org.junit.platform.engine.support.hierarchical.ThrowableCollector.execute(ThrowableCollector.java:73)\r\n\tat org.junit.platform.engine.support.hierarchical.NodeTestTask.lambda$executeRecursively$8(NodeTestTask.java:146)\r\n\tat org.junit.platform.engine.support.hierarchical.Node.around(Node.java:137)\r\n\tat org.junit.platform.engine.support.hierarchical.NodeTestTask.lambda$executeRecursively$9(NodeTestTask.java:144)\r\n\tat org.junit.platform.engine.support.hierarchical.ThrowableCollector.execute(ThrowableCollector.java:73)\r\n\tat org.junit.platform.engine.support.hierarchical.NodeTestTask.executeRecursively(NodeTestTask.java:143)\r\n\tat org.junit.platform.engine.support.hierarchical.NodeTestTask.execute(NodeTestTask.java:100)\r\n\tat java.base/java.util.ArrayList.forEach(ArrayList.java:1604)\r\n\tat org.junit.platform.engine.support.hierarchical.SameThreadHierarchicalTestExecutorService.invokeAll(SameThreadHierarchicalTestExecutorService.java:41)\r\n\tat org.junit.platform.engine.support.hierarchical.NodeTestTask.lambda$executeRecursively$6(NodeTestTask.java:160)\r\n\tat org.junit.platform.engine.support.hierarchical.ThrowableCollector.execute(ThrowableCollector.java:73)\r\n\tat org.junit.platform.engine.support.hierarchical.NodeTestTask.lambda$executeRecursively$8(NodeTestTask.java:146)\r\n\tat org.junit.platform.engine.support.hierarchical.Node.around(Node.java:137)\r\n\tat org.junit.platform.engine.support.hierarchical.NodeTestTask.lambda$executeRecursively$9(NodeTestTask.java:144)\r\n\tat org.junit.platform.engine.support.hierarchical.ThrowableCollector.execute(ThrowableCollector.java:73)\r\n\tat org.junit.platform.engine.support.hierarchical.NodeTestTask.executeRecursively(NodeTestTask.java:143)\r\n\tat org.junit.platform.engine.support.hierarchical.NodeTestTask.execute(NodeTestTask.java:100)\r\n\tat java.base/java.util.ArrayList.forEach(ArrayList.java:1604)\r\n\tat org.junit.platform.engine.support.hierarchical.SameThreadHierarchicalTestExecutorService.invokeAll(SameThreadHierarchicalTestExecutorService.java:41)\r\n\tat org.junit.platform.engine.support.hierarchical.NodeTestTask.lambda$executeRecursively$6(NodeTestTask.java:160)\r\n\tat org.junit.platform.engine.support.hierarchical.ThrowableCollector.execute(ThrowableCollector.java:73)\r\n\tat org.junit.platform.engine.support.hierarchical.NodeTestTask.lambda$executeRecursively$8(NodeTestTask.java:146)\r\n\tat org.junit.platform.engine.support.hierarchical.Node.around(Node.java:137)\r\n\tat org.junit.platform.engine.support.hierarchical.NodeTestTask.lambda$executeRecursively$9(NodeTestTask.java:144)\r\n\tat org.junit.platform.engine.support.hierarchical.ThrowableCollector.execute(ThrowableCollector.java:73)\r\n\tat org.junit.platform.engine.support.hierarchical.NodeTestTask.executeRecursively(NodeTestTask.java:143)\r\n\tat org.junit.platform.engine.support.hierarchical.NodeTestTask.execute(NodeTestTask.java:100)\r\n\tat org.junit.platform.engine.support.hierarchical.SameThreadHierarchicalTestExecutorService.submit(SameThreadHierarchicalTestExecutorService.java:35)\r\n\tat org.junit.platform.engine.support.hierarchical.HierarchicalTestExecutor.execute(HierarchicalTestExecutor.java:57)\r\n\tat org.junit.platform.engine.support.hierarchical.HierarchicalTestEngine.execute(HierarchicalTestEngine.java:54)\r\n\tat org.junit.platform.launcher.core.DefaultLauncher.execute(DefaultLauncher.java:248)\r\n\tat org.junit.platform.launcher.core.DefaultLauncher.lambda$execute$5(DefaultLauncher.java:211)\r\n\tat org.junit.platform.launcher.core.DefaultLauncher.withInterceptedStreams(DefaultLauncher.java:226)\r\n\tat org.junit.platform.launcher.core.DefaultLauncher.execute(DefaultLauncher.java:199)\r\n\tat org.junit.platform.launcher.core.DefaultLauncher.execute(DefaultLauncher.java:132)\r\n\tat org.apache.maven.surefire.junitplatform.JUnitPlatformProvider.execute(JUnitPlatformProvider.java:188)\r\n\tat org.apache.maven.surefire.junitplatform.JUnitPlatformProvider.invokeAllTests(JUnitPlatformProvider.java:154)\r\n\tat org.apache.maven.surefire.junitplatform.JUnitPlatformProvider.invoke(JUnitPlatformProvider.java:128)\r\n\tat org.apache.maven.surefire.booter.ForkedBooter.runSuitesInProcess(ForkedBooter.java:428)\r\n\tat org.apache.maven.surefire.booter.ForkedBooter.execute(ForkedBooter.java:162)\r\n\tat org.apache.maven.surefire.booter.ForkedBooter.run(ForkedBooter.java:562)\r\n\tat org.apache.maven.surefire.booter.ForkedBooter.main(ForkedBooter.java:548)\r\n"},"fields":{},"attachments":[],"steps":[],"params":{},"paramGroups":[],"relations":{"suite":{"data":[{"title":"com.qa.nal.SearchTests","publicId":0}]}},"muted":false,"message":"org.opentest4j.AssertionFailedError: Navigation to Self Service Intelligent Search failed: Error {\n  message\u003d\u0027Target page, context or browser has been closed\n  name\u003d\u0027TargetClosedError\n  stack\u003d\u0027TargetClosedError: Target page, context or browser has been closed\n    at DispatcherConnection.dispatch (C:\\Users\\abhay\\AppData\\Local\\Temp\\playwright-java-6092977506892346887\\package\\lib\\server\\dispatchers\\dispatcher.js:244:69)\n    at transport.onmessage (C:\\Users\\abhay\\AppData\\Local\\Temp\\playwright-java-6092977506892346887\\package\\lib\\cli\\driver.js:53:59)\n    at Immediate._onImmediate (C:\\Users\\abhay\\AppData\\Local\\Temp\\playwright-java-6092977506892346887\\package\\lib\\server\\utils\\pipeTransport.js:76:16)\n    at process.processImmediate (node:internal/timers:491:21)\n}","ignore":false}
15:12:46.593 [main] INFO  i.q.c.reporters.TestopsReporter - See why this test failed: https://app.qase.io/run/SEARCH/dashboard/43?source=logs&status=%5B2%5D&search=9
]]></system-out>
    <system-err><![CDATA[Screenshot capture failed: Error {
  message='Target page, context or browser has been closed
  name='TargetClosedError
  stack='TargetClosedError: Target page, context or browser has been closed
    at DispatcherConnection.dispatch (C:\Users\abhay\AppData\Local\Temp\playwright-java-6092977506892346887\package\lib\server\dispatchers\dispatcher.js:244:69)
    at transport.onmessage (C:\Users\abhay\AppData\Local\Temp\playwright-java-6092977506892346887\package\lib\cli\driver.js:53:59)
    at Immediate._onImmediate (C:\Users\abhay\AppData\Local\Temp\playwright-java-6092977506892346887\package\lib\server\utils\pipeTransport.js:76:16)
    at process.processImmediate (node:internal/timers:491:21)
}
]]></system-err>
  </testcase>
  <testcase name="testUploadFile" classname="com.qa.nal.SearchTests" time="0.034">
    <failure type="org.opentest4j.AssertionFailedError"><![CDATA[org.opentest4j.AssertionFailedError: 
Upload failed: Error {
  message='Target page, context or browser has been closed
  name='TargetClosedError
  stack='TargetClosedError: Target page, context or browser has been closed
    at DispatcherConnection.dispatch (C:\Users\abhay\AppData\Local\Temp\playwright-java-6092977506892346887\package\lib\server\dispatchers\dispatcher.js:244:69)
    at transport.onmessage (C:\Users\abhay\AppData\Local\Temp\playwright-java-6092977506892346887\package\lib\cli\driver.js:53:59)
    at Immediate._onImmediate (C:\Users\abhay\AppData\Local\Temp\playwright-java-6092977506892346887\package\lib\server\utils\pipeTransport.js:76:16)
    at process.processImmediate (node:internal/timers:491:21)
}
	at com.qa.nal.SearchTests.testUploadFile(SearchTests.java:563)
]]></failure>
    <system-out><![CDATA[15:12:46.609 [main] ERROR com.qa.nal.SearchTests - File upload failed: Error {
  message='Target page, context or browser has been closed
  name='TargetClosedError
  stack='TargetClosedError: Target page, context or browser has been closed
    at DispatcherConnection.dispatch (C:\Users\abhay\AppData\Local\Temp\playwright-java-6092977506892346887\package\lib\server\dispatchers\dispatcher.js:244:69)
    at transport.onmessage (C:\Users\abhay\AppData\Local\Temp\playwright-java-6092977506892346887\package\lib\cli\driver.js:53:59)
    at Immediate._onImmediate (C:\Users\abhay\AppData\Local\Temp\playwright-java-6092977506892346887\package\lib\server\utils\pipeTransport.js:76:16)
    at process.processImmediate (node:internal/timers:491:21)
}
15:12:46.618 [main] INFO  i.q.commons.reporters.CoreReporter - Adding result: {"id":"bddc7cec-e419-40e6-a1f0-906b85a270c7","title":"Uploaded File","signature":"com:qa:nal::searchtests.java::searchtests::testuploadfile::10","testopsId":10,"execution":{"startTime":1750239766596,"status":"FAILED","endTime":1750239766618,"duration":22,"stacktrace":"org.opentest4j.AssertionFailedError: Upload failed: Error {\n  message\u003d\u0027Target page, context or browser has been closed\n  name\u003d\u0027TargetClosedError\n  stack\u003d\u0027TargetClosedError: Target page, context or browser has been closed\n    at DispatcherConnection.dispatch (C:\\Users\\abhay\\AppData\\Local\\Temp\\playwright-java-6092977506892346887\\package\\lib\\server\\dispatchers\\dispatcher.js:244:69)\n    at transport.onmessage (C:\\Users\\abhay\\AppData\\Local\\Temp\\playwright-java-6092977506892346887\\package\\lib\\cli\\driver.js:53:59)\n    at Immediate._onImmediate (C:\\Users\\abhay\\AppData\\Local\\Temp\\playwright-java-6092977506892346887\\package\\lib\\server\\utils\\pipeTransport.js:76:16)\n    at process.processImmediate (node:internal/timers:491:21)\n}\r\n\tat org.junit.jupiter.api.AssertionUtils.fail(AssertionUtils.java:38)\r\n\tat org.junit.jupiter.api.Assertions.fail(Assertions.java:138)\r\n\tat com.qa.nal.SearchTests.testUploadFile(SearchTests.java:563)\r\n\tat java.base/jdk.internal.reflect.DirectMethodHandleAccessor.invoke(DirectMethodHandleAccessor.java:104)\r\n\tat java.base/java.lang.reflect.Method.invoke(Method.java:565)\r\n\tat org.junit.platform.commons.util.ReflectionUtils.invokeMethod(ReflectionUtils.java:766)\r\n\tat org.junit.jupiter.engine.execution.MethodInvocation.proceed(MethodInvocation.java:60)\r\n\tat org.junit.jupiter.engine.execution.InvocationInterceptorChain$ValidatingInvocation.proceed(InvocationInterceptorChain.java:131)\r\n\tat io.qase.junit5.QaseListener.interceptTestMethod(QaseListener.java:67)\r\n\tat org.junit.jupiter.engine.execution.InterceptingExecutableInvoker$ReflectiveInterceptorCall.lambda$ofVoidMethod$0(InterceptingExecutableInvoker.java:103)\r\n\tat org.junit.jupiter.engine.execution.InterceptingExecutableInvoker.lambda$invoke$0(InterceptingExecutableInvoker.java:93)\r\n\tat org.junit.jupiter.engine.execution.InvocationInterceptorChain$InterceptedInvocation.proceed(InvocationInterceptorChain.java:106)\r\n\tat org.junit.jupiter.engine.extension.TimeoutExtension.intercept(TimeoutExtension.java:156)\r\n\tat org.junit.jupiter.engine.extension.TimeoutExtension.interceptTestableMethod(TimeoutExtension.java:147)\r\n\tat org.junit.jupiter.engine.extension.TimeoutExtension.interceptTestMethod(TimeoutExtension.java:86)\r\n\tat org.junit.jupiter.engine.execution.InterceptingExecutableInvoker$ReflectiveInterceptorCall.lambda$ofVoidMethod$0(InterceptingExecutableInvoker.java:103)\r\n\tat org.junit.jupiter.engine.execution.InterceptingExecutableInvoker.lambda$invoke$0(InterceptingExecutableInvoker.java:93)\r\n\tat org.junit.jupiter.engine.execution.InvocationInterceptorChain$InterceptedInvocation.proceed(InvocationInterceptorChain.java:106)\r\n\tat org.junit.jupiter.engine.execution.InvocationInterceptorChain.proceed(InvocationInterceptorChain.java:64)\r\n\tat org.junit.jupiter.engine.execution.InvocationInterceptorChain.chainAndInvoke(InvocationInterceptorChain.java:45)\r\n\tat org.junit.jupiter.engine.execution.InvocationInterceptorChain.invoke(InvocationInterceptorChain.java:37)\r\n\tat org.junit.jupiter.engine.execution.InterceptingExecutableInvoker.invoke(InterceptingExecutableInvoker.java:92)\r\n\tat org.junit.jupiter.engine.execution.InterceptingExecutableInvoker.invoke(InterceptingExecutableInvoker.java:86)\r\n\tat org.junit.jupiter.engine.descriptor.TestMethodTestDescriptor.lambda$invokeTestMethod$8(TestMethodTestDescriptor.java:217)\r\n\tat org.junit.platform.engine.support.hierarchical.ThrowableCollector.execute(ThrowableCollector.java:73)\r\n\tat org.junit.jupiter.engine.descriptor.TestMethodTestDescriptor.invokeTestMethod(TestMethodTestDescriptor.java:213)\r\n\tat org.junit.jupiter.engine.descriptor.TestMethodTestDescriptor.execute(TestMethodTestDescriptor.java:138)\r\n\tat org.junit.jupiter.engine.descriptor.TestMethodTestDescriptor.execute(TestMethodTestDescriptor.java:68)\r\n\tat org.junit.platform.engine.support.hierarchical.NodeTestTask.lambda$executeRecursively$6(NodeTestTask.java:156)\r\n\tat org.junit.platform.engine.support.hierarchical.ThrowableCollector.execute(ThrowableCollector.java:73)\r\n\tat org.junit.platform.engine.support.hierarchical.NodeTestTask.lambda$executeRecursively$8(NodeTestTask.java:146)\r\n\tat org.junit.platform.engine.support.hierarchical.Node.around(Node.java:137)\r\n\tat org.junit.platform.engine.support.hierarchical.NodeTestTask.lambda$executeRecursively$9(NodeTestTask.java:144)\r\n\tat org.junit.platform.engine.support.hierarchical.ThrowableCollector.execute(ThrowableCollector.java:73)\r\n\tat org.junit.platform.engine.support.hierarchical.NodeTestTask.executeRecursively(NodeTestTask.java:143)\r\n\tat org.junit.platform.engine.support.hierarchical.NodeTestTask.execute(NodeTestTask.java:100)\r\n\tat java.base/java.util.ArrayList.forEach(ArrayList.java:1604)\r\n\tat org.junit.platform.engine.support.hierarchical.SameThreadHierarchicalTestExecutorService.invokeAll(SameThreadHierarchicalTestExecutorService.java:41)\r\n\tat org.junit.platform.engine.support.hierarchical.NodeTestTask.lambda$executeRecursively$6(NodeTestTask.java:160)\r\n\tat org.junit.platform.engine.support.hierarchical.ThrowableCollector.execute(ThrowableCollector.java:73)\r\n\tat org.junit.platform.engine.support.hierarchical.NodeTestTask.lambda$executeRecursively$8(NodeTestTask.java:146)\r\n\tat org.junit.platform.engine.support.hierarchical.Node.around(Node.java:137)\r\n\tat org.junit.platform.engine.support.hierarchical.NodeTestTask.lambda$executeRecursively$9(NodeTestTask.java:144)\r\n\tat org.junit.platform.engine.support.hierarchical.ThrowableCollector.execute(ThrowableCollector.java:73)\r\n\tat org.junit.platform.engine.support.hierarchical.NodeTestTask.executeRecursively(NodeTestTask.java:143)\r\n\tat org.junit.platform.engine.support.hierarchical.NodeTestTask.execute(NodeTestTask.java:100)\r\n\tat java.base/java.util.ArrayList.forEach(ArrayList.java:1604)\r\n\tat org.junit.platform.engine.support.hierarchical.SameThreadHierarchicalTestExecutorService.invokeAll(SameThreadHierarchicalTestExecutorService.java:41)\r\n\tat org.junit.platform.engine.support.hierarchical.NodeTestTask.lambda$executeRecursively$6(NodeTestTask.java:160)\r\n\tat org.junit.platform.engine.support.hierarchical.ThrowableCollector.execute(ThrowableCollector.java:73)\r\n\tat org.junit.platform.engine.support.hierarchical.NodeTestTask.lambda$executeRecursively$8(NodeTestTask.java:146)\r\n\tat org.junit.platform.engine.support.hierarchical.Node.around(Node.java:137)\r\n\tat org.junit.platform.engine.support.hierarchical.NodeTestTask.lambda$executeRecursively$9(NodeTestTask.java:144)\r\n\tat org.junit.platform.engine.support.hierarchical.ThrowableCollector.execute(ThrowableCollector.java:73)\r\n\tat org.junit.platform.engine.support.hierarchical.NodeTestTask.executeRecursively(NodeTestTask.java:143)\r\n\tat org.junit.platform.engine.support.hierarchical.NodeTestTask.execute(NodeTestTask.java:100)\r\n\tat org.junit.platform.engine.support.hierarchical.SameThreadHierarchicalTestExecutorService.submit(SameThreadHierarchicalTestExecutorService.java:35)\r\n\tat org.junit.platform.engine.support.hierarchical.HierarchicalTestExecutor.execute(HierarchicalTestExecutor.java:57)\r\n\tat org.junit.platform.engine.support.hierarchical.HierarchicalTestEngine.execute(HierarchicalTestEngine.java:54)\r\n\tat org.junit.platform.launcher.core.DefaultLauncher.execute(DefaultLauncher.java:248)\r\n\tat org.junit.platform.launcher.core.DefaultLauncher.lambda$execute$5(DefaultLauncher.java:211)\r\n\tat org.junit.platform.launcher.core.DefaultLauncher.withInterceptedStreams(DefaultLauncher.java:226)\r\n\tat org.junit.platform.launcher.core.DefaultLauncher.execute(DefaultLauncher.java:199)\r\n\tat org.junit.platform.launcher.core.DefaultLauncher.execute(DefaultLauncher.java:132)\r\n\tat org.apache.maven.surefire.junitplatform.JUnitPlatformProvider.execute(JUnitPlatformProvider.java:188)\r\n\tat org.apache.maven.surefire.junitplatform.JUnitPlatformProvider.invokeAllTests(JUnitPlatformProvider.java:154)\r\n\tat org.apache.maven.surefire.junitplatform.JUnitPlatformProvider.invoke(JUnitPlatformProvider.java:128)\r\n\tat org.apache.maven.surefire.booter.ForkedBooter.runSuitesInProcess(ForkedBooter.java:428)\r\n\tat org.apache.maven.surefire.booter.ForkedBooter.execute(ForkedBooter.java:162)\r\n\tat org.apache.maven.surefire.booter.ForkedBooter.run(ForkedBooter.java:562)\r\n\tat org.apache.maven.surefire.booter.ForkedBooter.main(ForkedBooter.java:548)\r\n"},"fields":{},"attachments":[],"steps":[],"params":{},"paramGroups":[],"relations":{"suite":{"data":[{"title":"com.qa.nal.SearchTests","publicId":0}]}},"muted":false,"message":"org.opentest4j.AssertionFailedError: Upload failed: Error {\n  message\u003d\u0027Target page, context or browser has been closed\n  name\u003d\u0027TargetClosedError\n  stack\u003d\u0027TargetClosedError: Target page, context or browser has been closed\n    at DispatcherConnection.dispatch (C:\\Users\\abhay\\AppData\\Local\\Temp\\playwright-java-6092977506892346887\\package\\lib\\server\\dispatchers\\dispatcher.js:244:69)\n    at transport.onmessage (C:\\Users\\abhay\\AppData\\Local\\Temp\\playwright-java-6092977506892346887\\package\\lib\\cli\\driver.js:53:59)\n    at Immediate._onImmediate (C:\\Users\\abhay\\AppData\\Local\\Temp\\playwright-java-6092977506892346887\\package\\lib\\server\\utils\\pipeTransport.js:76:16)\n    at process.processImmediate (node:internal/timers:491:21)\n}","ignore":false}
15:12:46.621 [main] INFO  i.q.c.reporters.TestopsReporter - See why this test failed: https://app.qase.io/run/SEARCH/dashboard/43?source=logs&status=%5B2%5D&search=10
]]></system-out>
    <system-err><![CDATA[Screenshot capture failed: Error {
  message='Target page, context or browser has been closed
  name='TargetClosedError
  stack='TargetClosedError: Target page, context or browser has been closed
    at DispatcherConnection.dispatch (C:\Users\abhay\AppData\Local\Temp\playwright-java-6092977506892346887\package\lib\server\dispatchers\dispatcher.js:244:69)
    at transport.onmessage (C:\Users\abhay\AppData\Local\Temp\playwright-java-6092977506892346887\package\lib\cli\driver.js:53:59)
    at Immediate._onImmediate (C:\Users\abhay\AppData\Local\Temp\playwright-java-6092977506892346887\package\lib\server\utils\pipeTransport.js:76:16)
    at process.processImmediate (node:internal/timers:491:21)
}
]]></system-err>
  </testcase>
  <testcase name="navigateUploadedKBManagement" classname="com.qa.nal.SearchTests" time="0.031">
    <failure type="org.opentest4j.AssertionFailedError"><![CDATA[org.opentest4j.AssertionFailedError: 
Navigation to Uploaded KB Management failed: Error {
  message='Target page, context or browser has been closed
  name='TargetClosedError
  stack='TargetClosedError: Target page, context or browser has been closed
    at DispatcherConnection.dispatch (C:\Users\abhay\AppData\Local\Temp\playwright-java-6092977506892346887\package\lib\server\dispatchers\dispatcher.js:244:69)
    at transport.onmessage (C:\Users\abhay\AppData\Local\Temp\playwright-java-6092977506892346887\package\lib\cli\driver.js:53:59)
    at Immediate._onImmediate (C:\Users\abhay\AppData\Local\Temp\playwright-java-6092977506892346887\package\lib\server\utils\pipeTransport.js:76:16)
    at process.processImmediate (node:internal/timers:491:21)
}
	at com.qa.nal.SearchTests.navigateUploadedKBManagement(SearchTests.java:591)
]]></failure>
    <system-out><![CDATA[15:12:46.651 [main] ERROR com.qa.nal.SearchTests - Navigation to Uploaded KB Management failed: Error {
  message='Target page, context or browser has been closed
  name='TargetClosedError
  stack='TargetClosedError: Target page, context or browser has been closed
    at DispatcherConnection.dispatch (C:\Users\abhay\AppData\Local\Temp\playwright-java-6092977506892346887\package\lib\server\dispatchers\dispatcher.js:244:69)
    at transport.onmessage (C:\Users\abhay\AppData\Local\Temp\playwright-java-6092977506892346887\package\lib\cli\driver.js:53:59)
    at Immediate._onImmediate (C:\Users\abhay\AppData\Local\Temp\playwright-java-6092977506892346887\package\lib\server\utils\pipeTransport.js:76:16)
    at process.processImmediate (node:internal/timers:491:21)
}
15:12:46.660 [main] INFO  i.q.commons.reporters.CoreReporter - Adding result: {"id":"85441d40-065f-47db-9708-c1d87b904559","title":"Navigate to Uploaded KB Management","signature":"com:qa:nal::searchtests.java::searchtests::navigateuploadedkbmanagement::11","testopsId":11,"execution":{"startTime":1750239766637,"status":"FAILED","endTime":1750239766660,"duration":23,"stacktrace":"org.opentest4j.AssertionFailedError: Navigation to Uploaded KB Management failed: Error {\n  message\u003d\u0027Target page, context or browser has been closed\n  name\u003d\u0027TargetClosedError\n  stack\u003d\u0027TargetClosedError: Target page, context or browser has been closed\n    at DispatcherConnection.dispatch (C:\\Users\\abhay\\AppData\\Local\\Temp\\playwright-java-6092977506892346887\\package\\lib\\server\\dispatchers\\dispatcher.js:244:69)\n    at transport.onmessage (C:\\Users\\abhay\\AppData\\Local\\Temp\\playwright-java-6092977506892346887\\package\\lib\\cli\\driver.js:53:59)\n    at Immediate._onImmediate (C:\\Users\\abhay\\AppData\\Local\\Temp\\playwright-java-6092977506892346887\\package\\lib\\server\\utils\\pipeTransport.js:76:16)\n    at process.processImmediate (node:internal/timers:491:21)\n}\r\n\tat org.junit.jupiter.api.AssertionUtils.fail(AssertionUtils.java:38)\r\n\tat org.junit.jupiter.api.Assertions.fail(Assertions.java:138)\r\n\tat com.qa.nal.SearchTests.navigateUploadedKBManagement(SearchTests.java:591)\r\n\tat java.base/jdk.internal.reflect.DirectMethodHandleAccessor.invoke(DirectMethodHandleAccessor.java:104)\r\n\tat java.base/java.lang.reflect.Method.invoke(Method.java:565)\r\n\tat org.junit.platform.commons.util.ReflectionUtils.invokeMethod(ReflectionUtils.java:766)\r\n\tat org.junit.jupiter.engine.execution.MethodInvocation.proceed(MethodInvocation.java:60)\r\n\tat org.junit.jupiter.engine.execution.InvocationInterceptorChain$ValidatingInvocation.proceed(InvocationInterceptorChain.java:131)\r\n\tat io.qase.junit5.QaseListener.interceptTestMethod(QaseListener.java:67)\r\n\tat org.junit.jupiter.engine.execution.InterceptingExecutableInvoker$ReflectiveInterceptorCall.lambda$ofVoidMethod$0(InterceptingExecutableInvoker.java:103)\r\n\tat org.junit.jupiter.engine.execution.InterceptingExecutableInvoker.lambda$invoke$0(InterceptingExecutableInvoker.java:93)\r\n\tat org.junit.jupiter.engine.execution.InvocationInterceptorChain$InterceptedInvocation.proceed(InvocationInterceptorChain.java:106)\r\n\tat org.junit.jupiter.engine.extension.TimeoutExtension.intercept(TimeoutExtension.java:156)\r\n\tat org.junit.jupiter.engine.extension.TimeoutExtension.interceptTestableMethod(TimeoutExtension.java:147)\r\n\tat org.junit.jupiter.engine.extension.TimeoutExtension.interceptTestMethod(TimeoutExtension.java:86)\r\n\tat org.junit.jupiter.engine.execution.InterceptingExecutableInvoker$ReflectiveInterceptorCall.lambda$ofVoidMethod$0(InterceptingExecutableInvoker.java:103)\r\n\tat org.junit.jupiter.engine.execution.InterceptingExecutableInvoker.lambda$invoke$0(InterceptingExecutableInvoker.java:93)\r\n\tat org.junit.jupiter.engine.execution.InvocationInterceptorChain$InterceptedInvocation.proceed(InvocationInterceptorChain.java:106)\r\n\tat org.junit.jupiter.engine.execution.InvocationInterceptorChain.proceed(InvocationInterceptorChain.java:64)\r\n\tat org.junit.jupiter.engine.execution.InvocationInterceptorChain.chainAndInvoke(InvocationInterceptorChain.java:45)\r\n\tat org.junit.jupiter.engine.execution.InvocationInterceptorChain.invoke(InvocationInterceptorChain.java:37)\r\n\tat org.junit.jupiter.engine.execution.InterceptingExecutableInvoker.invoke(InterceptingExecutableInvoker.java:92)\r\n\tat org.junit.jupiter.engine.execution.InterceptingExecutableInvoker.invoke(InterceptingExecutableInvoker.java:86)\r\n\tat org.junit.jupiter.engine.descriptor.TestMethodTestDescriptor.lambda$invokeTestMethod$8(TestMethodTestDescriptor.java:217)\r\n\tat org.junit.platform.engine.support.hierarchical.ThrowableCollector.execute(ThrowableCollector.java:73)\r\n\tat org.junit.jupiter.engine.descriptor.TestMethodTestDescriptor.invokeTestMethod(TestMethodTestDescriptor.java:213)\r\n\tat org.junit.jupiter.engine.descriptor.TestMethodTestDescriptor.execute(TestMethodTestDescriptor.java:138)\r\n\tat org.junit.jupiter.engine.descriptor.TestMethodTestDescriptor.execute(TestMethodTestDescriptor.java:68)\r\n\tat org.junit.platform.engine.support.hierarchical.NodeTestTask.lambda$executeRecursively$6(NodeTestTask.java:156)\r\n\tat org.junit.platform.engine.support.hierarchical.ThrowableCollector.execute(ThrowableCollector.java:73)\r\n\tat org.junit.platform.engine.support.hierarchical.NodeTestTask.lambda$executeRecursively$8(NodeTestTask.java:146)\r\n\tat org.junit.platform.engine.support.hierarchical.Node.around(Node.java:137)\r\n\tat org.junit.platform.engine.support.hierarchical.NodeTestTask.lambda$executeRecursively$9(NodeTestTask.java:144)\r\n\tat org.junit.platform.engine.support.hierarchical.ThrowableCollector.execute(ThrowableCollector.java:73)\r\n\tat org.junit.platform.engine.support.hierarchical.NodeTestTask.executeRecursively(NodeTestTask.java:143)\r\n\tat org.junit.platform.engine.support.hierarchical.NodeTestTask.execute(NodeTestTask.java:100)\r\n\tat java.base/java.util.ArrayList.forEach(ArrayList.java:1604)\r\n\tat org.junit.platform.engine.support.hierarchical.SameThreadHierarchicalTestExecutorService.invokeAll(SameThreadHierarchicalTestExecutorService.java:41)\r\n\tat org.junit.platform.engine.support.hierarchical.NodeTestTask.lambda$executeRecursively$6(NodeTestTask.java:160)\r\n\tat org.junit.platform.engine.support.hierarchical.ThrowableCollector.execute(ThrowableCollector.java:73)\r\n\tat org.junit.platform.engine.support.hierarchical.NodeTestTask.lambda$executeRecursively$8(NodeTestTask.java:146)\r\n\tat org.junit.platform.engine.support.hierarchical.Node.around(Node.java:137)\r\n\tat org.junit.platform.engine.support.hierarchical.NodeTestTask.lambda$executeRecursively$9(NodeTestTask.java:144)\r\n\tat org.junit.platform.engine.support.hierarchical.ThrowableCollector.execute(ThrowableCollector.java:73)\r\n\tat org.junit.platform.engine.support.hierarchical.NodeTestTask.executeRecursively(NodeTestTask.java:143)\r\n\tat org.junit.platform.engine.support.hierarchical.NodeTestTask.execute(NodeTestTask.java:100)\r\n\tat java.base/java.util.ArrayList.forEach(ArrayList.java:1604)\r\n\tat org.junit.platform.engine.support.hierarchical.SameThreadHierarchicalTestExecutorService.invokeAll(SameThreadHierarchicalTestExecutorService.java:41)\r\n\tat org.junit.platform.engine.support.hierarchical.NodeTestTask.lambda$executeRecursively$6(NodeTestTask.java:160)\r\n\tat org.junit.platform.engine.support.hierarchical.ThrowableCollector.execute(ThrowableCollector.java:73)\r\n\tat org.junit.platform.engine.support.hierarchical.NodeTestTask.lambda$executeRecursively$8(NodeTestTask.java:146)\r\n\tat org.junit.platform.engine.support.hierarchical.Node.around(Node.java:137)\r\n\tat org.junit.platform.engine.support.hierarchical.NodeTestTask.lambda$executeRecursively$9(NodeTestTask.java:144)\r\n\tat org.junit.platform.engine.support.hierarchical.ThrowableCollector.execute(ThrowableCollector.java:73)\r\n\tat org.junit.platform.engine.support.hierarchical.NodeTestTask.executeRecursively(NodeTestTask.java:143)\r\n\tat org.junit.platform.engine.support.hierarchical.NodeTestTask.execute(NodeTestTask.java:100)\r\n\tat org.junit.platform.engine.support.hierarchical.SameThreadHierarchicalTestExecutorService.submit(SameThreadHierarchicalTestExecutorService.java:35)\r\n\tat org.junit.platform.engine.support.hierarchical.HierarchicalTestExecutor.execute(HierarchicalTestExecutor.java:57)\r\n\tat org.junit.platform.engine.support.hierarchical.HierarchicalTestEngine.execute(HierarchicalTestEngine.java:54)\r\n\tat org.junit.platform.launcher.core.DefaultLauncher.execute(DefaultLauncher.java:248)\r\n\tat org.junit.platform.launcher.core.DefaultLauncher.lambda$execute$5(DefaultLauncher.java:211)\r\n\tat org.junit.platform.launcher.core.DefaultLauncher.withInterceptedStreams(DefaultLauncher.java:226)\r\n\tat org.junit.platform.launcher.core.DefaultLauncher.execute(DefaultLauncher.java:199)\r\n\tat org.junit.platform.launcher.core.DefaultLauncher.execute(DefaultLauncher.java:132)\r\n\tat org.apache.maven.surefire.junitplatform.JUnitPlatformProvider.execute(JUnitPlatformProvider.java:188)\r\n\tat org.apache.maven.surefire.junitplatform.JUnitPlatformProvider.invokeAllTests(JUnitPlatformProvider.java:154)\r\n\tat org.apache.maven.surefire.junitplatform.JUnitPlatformProvider.invoke(JUnitPlatformProvider.java:128)\r\n\tat org.apache.maven.surefire.booter.ForkedBooter.runSuitesInProcess(ForkedBooter.java:428)\r\n\tat org.apache.maven.surefire.booter.ForkedBooter.execute(ForkedBooter.java:162)\r\n\tat org.apache.maven.surefire.booter.ForkedBooter.run(ForkedBooter.java:562)\r\n\tat org.apache.maven.surefire.booter.ForkedBooter.main(ForkedBooter.java:548)\r\n"},"fields":{},"attachments":[],"steps":[],"params":{},"paramGroups":[],"relations":{"suite":{"data":[{"title":"com.qa.nal.SearchTests","publicId":0}]}},"muted":false,"message":"org.opentest4j.AssertionFailedError: Navigation to Uploaded KB Management failed: Error {\n  message\u003d\u0027Target page, context or browser has been closed\n  name\u003d\u0027TargetClosedError\n  stack\u003d\u0027TargetClosedError: Target page, context or browser has been closed\n    at DispatcherConnection.dispatch (C:\\Users\\abhay\\AppData\\Local\\Temp\\playwright-java-6092977506892346887\\package\\lib\\server\\dispatchers\\dispatcher.js:244:69)\n    at transport.onmessage (C:\\Users\\abhay\\AppData\\Local\\Temp\\playwright-java-6092977506892346887\\package\\lib\\cli\\driver.js:53:59)\n    at Immediate._onImmediate (C:\\Users\\abhay\\AppData\\Local\\Temp\\playwright-java-6092977506892346887\\package\\lib\\server\\utils\\pipeTransport.js:76:16)\n    at process.processImmediate (node:internal/timers:491:21)\n}","ignore":false}
15:12:46.665 [main] INFO  i.q.c.reporters.TestopsReporter - See why this test failed: https://app.qase.io/run/SEARCH/dashboard/43?source=logs&status=%5B2%5D&search=11
]]></system-out>
    <system-err><![CDATA[Screenshot capture failed: Error {
  message='Target page, context or browser has been closed
  name='TargetClosedError
  stack='TargetClosedError: Target page, context or browser has been closed
    at DispatcherConnection.dispatch (C:\Users\abhay\AppData\Local\Temp\playwright-java-6092977506892346887\package\lib\server\dispatchers\dispatcher.js:244:69)
    at transport.onmessage (C:\Users\abhay\AppData\Local\Temp\playwright-java-6092977506892346887\package\lib\cli\driver.js:53:59)
    at Immediate._onImmediate (C:\Users\abhay\AppData\Local\Temp\playwright-java-6092977506892346887\package\lib\server\utils\pipeTransport.js:76:16)
    at process.processImmediate (node:internal/timers:491:21)
}
]]></system-err>
  </testcase>
  <testcase name="manageKb" classname="com.qa.nal.SearchTests" time="0.025">
    <failure type="org.opentest4j.AssertionFailedError"><![CDATA[org.opentest4j.AssertionFailedError: 
Failed to manage KB: Error {
  message='Target page, context or browser has been closed
  name='TargetClosedError
  stack='TargetClosedError: Target page, context or browser has been closed
    at DispatcherConnection.dispatch (C:\Users\abhay\AppData\Local\Temp\playwright-java-6092977506892346887\package\lib\server\dispatchers\dispatcher.js:244:69)
    at transport.onmessage (C:\Users\abhay\AppData\Local\Temp\playwright-java-6092977506892346887\package\lib\cli\driver.js:53:59)
    at Immediate._onImmediate (C:\Users\abhay\AppData\Local\Temp\playwright-java-6092977506892346887\package\lib\server\utils\pipeTransport.js:76:16)
    at process.processImmediate (node:internal/timers:491:21)
}
	at com.qa.nal.SearchTests.manageKb(SearchTests.java:768)
]]></failure>
    <system-out><![CDATA[15:12:46.678 [main] ERROR com.qa.nal.SearchTests - Failed to manage KB: Error {
  message='Target page, context or browser has been closed
  name='TargetClosedError
  stack='TargetClosedError: Target page, context or browser has been closed
    at DispatcherConnection.dispatch (C:\Users\abhay\AppData\Local\Temp\playwright-java-6092977506892346887\package\lib\server\dispatchers\dispatcher.js:244:69)
    at transport.onmessage (C:\Users\abhay\AppData\Local\Temp\playwright-java-6092977506892346887\package\lib\cli\driver.js:53:59)
    at Immediate._onImmediate (C:\Users\abhay\AppData\Local\Temp\playwright-java-6092977506892346887\package\lib\server\utils\pipeTransport.js:76:16)
    at process.processImmediate (node:internal/timers:491:21)
}
15:12:46.686 [main] INFO  i.q.commons.reporters.CoreReporter - Adding result: {"id":"8e43a785-d94f-42fe-b6e3-89da85f99492","title":"Manage KB","signature":"com:qa:nal::searchtests.java::searchtests::managekb::12","testopsId":12,"execution":{"startTime":1750239766669,"status":"FAILED","endTime":1750239766686,"duration":17,"stacktrace":"org.opentest4j.AssertionFailedError: Failed to manage KB: Error {\n  message\u003d\u0027Target page, context or browser has been closed\n  name\u003d\u0027TargetClosedError\n  stack\u003d\u0027TargetClosedError: Target page, context or browser has been closed\n    at DispatcherConnection.dispatch (C:\\Users\\abhay\\AppData\\Local\\Temp\\playwright-java-6092977506892346887\\package\\lib\\server\\dispatchers\\dispatcher.js:244:69)\n    at transport.onmessage (C:\\Users\\abhay\\AppData\\Local\\Temp\\playwright-java-6092977506892346887\\package\\lib\\cli\\driver.js:53:59)\n    at Immediate._onImmediate (C:\\Users\\abhay\\AppData\\Local\\Temp\\playwright-java-6092977506892346887\\package\\lib\\server\\utils\\pipeTransport.js:76:16)\n    at process.processImmediate (node:internal/timers:491:21)\n}\r\n\tat org.junit.jupiter.api.AssertionUtils.fail(AssertionUtils.java:38)\r\n\tat org.junit.jupiter.api.Assertions.fail(Assertions.java:138)\r\n\tat com.qa.nal.SearchTests.manageKb(SearchTests.java:768)\r\n\tat java.base/jdk.internal.reflect.DirectMethodHandleAccessor.invoke(DirectMethodHandleAccessor.java:104)\r\n\tat java.base/java.lang.reflect.Method.invoke(Method.java:565)\r\n\tat org.junit.platform.commons.util.ReflectionUtils.invokeMethod(ReflectionUtils.java:766)\r\n\tat org.junit.jupiter.engine.execution.MethodInvocation.proceed(MethodInvocation.java:60)\r\n\tat org.junit.jupiter.engine.execution.InvocationInterceptorChain$ValidatingInvocation.proceed(InvocationInterceptorChain.java:131)\r\n\tat io.qase.junit5.QaseListener.interceptTestMethod(QaseListener.java:67)\r\n\tat org.junit.jupiter.engine.execution.InterceptingExecutableInvoker$ReflectiveInterceptorCall.lambda$ofVoidMethod$0(InterceptingExecutableInvoker.java:103)\r\n\tat org.junit.jupiter.engine.execution.InterceptingExecutableInvoker.lambda$invoke$0(InterceptingExecutableInvoker.java:93)\r\n\tat org.junit.jupiter.engine.execution.InvocationInterceptorChain$InterceptedInvocation.proceed(InvocationInterceptorChain.java:106)\r\n\tat org.junit.jupiter.engine.extension.TimeoutExtension.intercept(TimeoutExtension.java:156)\r\n\tat org.junit.jupiter.engine.extension.TimeoutExtension.interceptTestableMethod(TimeoutExtension.java:147)\r\n\tat org.junit.jupiter.engine.extension.TimeoutExtension.interceptTestMethod(TimeoutExtension.java:86)\r\n\tat org.junit.jupiter.engine.execution.InterceptingExecutableInvoker$ReflectiveInterceptorCall.lambda$ofVoidMethod$0(InterceptingExecutableInvoker.java:103)\r\n\tat org.junit.jupiter.engine.execution.InterceptingExecutableInvoker.lambda$invoke$0(InterceptingExecutableInvoker.java:93)\r\n\tat org.junit.jupiter.engine.execution.InvocationInterceptorChain$InterceptedInvocation.proceed(InvocationInterceptorChain.java:106)\r\n\tat org.junit.jupiter.engine.execution.InvocationInterceptorChain.proceed(InvocationInterceptorChain.java:64)\r\n\tat org.junit.jupiter.engine.execution.InvocationInterceptorChain.chainAndInvoke(InvocationInterceptorChain.java:45)\r\n\tat org.junit.jupiter.engine.execution.InvocationInterceptorChain.invoke(InvocationInterceptorChain.java:37)\r\n\tat org.junit.jupiter.engine.execution.InterceptingExecutableInvoker.invoke(InterceptingExecutableInvoker.java:92)\r\n\tat org.junit.jupiter.engine.execution.InterceptingExecutableInvoker.invoke(InterceptingExecutableInvoker.java:86)\r\n\tat org.junit.jupiter.engine.descriptor.TestMethodTestDescriptor.lambda$invokeTestMethod$8(TestMethodTestDescriptor.java:217)\r\n\tat org.junit.platform.engine.support.hierarchical.ThrowableCollector.execute(ThrowableCollector.java:73)\r\n\tat org.junit.jupiter.engine.descriptor.TestMethodTestDescriptor.invokeTestMethod(TestMethodTestDescriptor.java:213)\r\n\tat org.junit.jupiter.engine.descriptor.TestMethodTestDescriptor.execute(TestMethodTestDescriptor.java:138)\r\n\tat org.junit.jupiter.engine.descriptor.TestMethodTestDescriptor.execute(TestMethodTestDescriptor.java:68)\r\n\tat org.junit.platform.engine.support.hierarchical.NodeTestTask.lambda$executeRecursively$6(NodeTestTask.java:156)\r\n\tat org.junit.platform.engine.support.hierarchical.ThrowableCollector.execute(ThrowableCollector.java:73)\r\n\tat org.junit.platform.engine.support.hierarchical.NodeTestTask.lambda$executeRecursively$8(NodeTestTask.java:146)\r\n\tat org.junit.platform.engine.support.hierarchical.Node.around(Node.java:137)\r\n\tat org.junit.platform.engine.support.hierarchical.NodeTestTask.lambda$executeRecursively$9(NodeTestTask.java:144)\r\n\tat org.junit.platform.engine.support.hierarchical.ThrowableCollector.execute(ThrowableCollector.java:73)\r\n\tat org.junit.platform.engine.support.hierarchical.NodeTestTask.executeRecursively(NodeTestTask.java:143)\r\n\tat org.junit.platform.engine.support.hierarchical.NodeTestTask.execute(NodeTestTask.java:100)\r\n\tat java.base/java.util.ArrayList.forEach(ArrayList.java:1604)\r\n\tat org.junit.platform.engine.support.hierarchical.SameThreadHierarchicalTestExecutorService.invokeAll(SameThreadHierarchicalTestExecutorService.java:41)\r\n\tat org.junit.platform.engine.support.hierarchical.NodeTestTask.lambda$executeRecursively$6(NodeTestTask.java:160)\r\n\tat org.junit.platform.engine.support.hierarchical.ThrowableCollector.execute(ThrowableCollector.java:73)\r\n\tat org.junit.platform.engine.support.hierarchical.NodeTestTask.lambda$executeRecursively$8(NodeTestTask.java:146)\r\n\tat org.junit.platform.engine.support.hierarchical.Node.around(Node.java:137)\r\n\tat org.junit.platform.engine.support.hierarchical.NodeTestTask.lambda$executeRecursively$9(NodeTestTask.java:144)\r\n\tat org.junit.platform.engine.support.hierarchical.ThrowableCollector.execute(ThrowableCollector.java:73)\r\n\tat org.junit.platform.engine.support.hierarchical.NodeTestTask.executeRecursively(NodeTestTask.java:143)\r\n\tat org.junit.platform.engine.support.hierarchical.NodeTestTask.execute(NodeTestTask.java:100)\r\n\tat java.base/java.util.ArrayList.forEach(ArrayList.java:1604)\r\n\tat org.junit.platform.engine.support.hierarchical.SameThreadHierarchicalTestExecutorService.invokeAll(SameThreadHierarchicalTestExecutorService.java:41)\r\n\tat org.junit.platform.engine.support.hierarchical.NodeTestTask.lambda$executeRecursively$6(NodeTestTask.java:160)\r\n\tat org.junit.platform.engine.support.hierarchical.ThrowableCollector.execute(ThrowableCollector.java:73)\r\n\tat org.junit.platform.engine.support.hierarchical.NodeTestTask.lambda$executeRecursively$8(NodeTestTask.java:146)\r\n\tat org.junit.platform.engine.support.hierarchical.Node.around(Node.java:137)\r\n\tat org.junit.platform.engine.support.hierarchical.NodeTestTask.lambda$executeRecursively$9(NodeTestTask.java:144)\r\n\tat org.junit.platform.engine.support.hierarchical.ThrowableCollector.execute(ThrowableCollector.java:73)\r\n\tat org.junit.platform.engine.support.hierarchical.NodeTestTask.executeRecursively(NodeTestTask.java:143)\r\n\tat org.junit.platform.engine.support.hierarchical.NodeTestTask.execute(NodeTestTask.java:100)\r\n\tat org.junit.platform.engine.support.hierarchical.SameThreadHierarchicalTestExecutorService.submit(SameThreadHierarchicalTestExecutorService.java:35)\r\n\tat org.junit.platform.engine.support.hierarchical.HierarchicalTestExecutor.execute(HierarchicalTestExecutor.java:57)\r\n\tat org.junit.platform.engine.support.hierarchical.HierarchicalTestEngine.execute(HierarchicalTestEngine.java:54)\r\n\tat org.junit.platform.launcher.core.DefaultLauncher.execute(DefaultLauncher.java:248)\r\n\tat org.junit.platform.launcher.core.DefaultLauncher.lambda$execute$5(DefaultLauncher.java:211)\r\n\tat org.junit.platform.launcher.core.DefaultLauncher.withInterceptedStreams(DefaultLauncher.java:226)\r\n\tat org.junit.platform.launcher.core.DefaultLauncher.execute(DefaultLauncher.java:199)\r\n\tat org.junit.platform.launcher.core.DefaultLauncher.execute(DefaultLauncher.java:132)\r\n\tat org.apache.maven.surefire.junitplatform.JUnitPlatformProvider.execute(JUnitPlatformProvider.java:188)\r\n\tat org.apache.maven.surefire.junitplatform.JUnitPlatformProvider.invokeAllTests(JUnitPlatformProvider.java:154)\r\n\tat org.apache.maven.surefire.junitplatform.JUnitPlatformProvider.invoke(JUnitPlatformProvider.java:128)\r\n\tat org.apache.maven.surefire.booter.ForkedBooter.runSuitesInProcess(ForkedBooter.java:428)\r\n\tat org.apache.maven.surefire.booter.ForkedBooter.execute(ForkedBooter.java:162)\r\n\tat org.apache.maven.surefire.booter.ForkedBooter.run(ForkedBooter.java:562)\r\n\tat org.apache.maven.surefire.booter.ForkedBooter.main(ForkedBooter.java:548)\r\n"},"fields":{},"attachments":[],"steps":[],"params":{},"paramGroups":[],"relations":{"suite":{"data":[{"title":"com.qa.nal.SearchTests","publicId":0}]}},"muted":false,"message":"org.opentest4j.AssertionFailedError: Failed to manage KB: Error {\n  message\u003d\u0027Target page, context or browser has been closed\n  name\u003d\u0027TargetClosedError\n  stack\u003d\u0027TargetClosedError: Target page, context or browser has been closed\n    at DispatcherConnection.dispatch (C:\\Users\\abhay\\AppData\\Local\\Temp\\playwright-java-6092977506892346887\\package\\lib\\server\\dispatchers\\dispatcher.js:244:69)\n    at transport.onmessage (C:\\Users\\abhay\\AppData\\Local\\Temp\\playwright-java-6092977506892346887\\package\\lib\\cli\\driver.js:53:59)\n    at Immediate._onImmediate (C:\\Users\\abhay\\AppData\\Local\\Temp\\playwright-java-6092977506892346887\\package\\lib\\server\\utils\\pipeTransport.js:76:16)\n    at process.processImmediate (node:internal/timers:491:21)\n}","ignore":false}
15:12:46.692 [main] INFO  i.q.c.reporters.TestopsReporter - See why this test failed: https://app.qase.io/run/SEARCH/dashboard/43?source=logs&status=%5B2%5D&search=12
]]></system-out>
    <system-err><![CDATA[Screenshot capture failed: Error {
  message='Target page, context or browser has been closed
  name='TargetClosedError
  stack='TargetClosedError: Target page, context or browser has been closed
    at DispatcherConnection.dispatch (C:\Users\abhay\AppData\Local\Temp\playwright-java-6092977506892346887\package\lib\server\dispatchers\dispatcher.js:244:69)
    at transport.onmessage (C:\Users\abhay\AppData\Local\Temp\playwright-java-6092977506892346887\package\lib\cli\driver.js:53:59)
    at Immediate._onImmediate (C:\Users\abhay\AppData\Local\Temp\playwright-java-6092977506892346887\package\lib\server\utils\pipeTransport.js:76:16)
    at process.processImmediate (node:internal/timers:491:21)
}
]]></system-err>
  </testcase>
</testsuite>